[0.008s] Invoking command in '/home/addinedu/ros2_study/src/my_first_package_msgs/build/my_first_package_msgs': CMAKE_PREFIX_PATH=${CMAKE_PREFIX_PATH}:/home/addinedu/ros2_study/install/my_first_package:/opt/ros/humble /usr/bin/cmake --build /home/addinedu/ros2_study/src/my_first_package_msgs/build/my_first_package_msgs -- -j12 -l12
[0.026s] -- Found ament_cmake: 1.3.8 (/opt/ros/humble/share/ament_cmake/cmake)
[0.115s] -- Found rosidl_default_generators: 1.2.0 (/opt/ros/humble/share/rosidl_default_generators/cmake)
[0.116s] -- Using all available rosidl_typesupport_c: rosidl_typesupport_fastrtps_c;rosidl_typesupport_introspection_c
[0.118s] -- Found rosidl_adapter: 3.1.5 (/opt/ros/humble/share/rosidl_adapter/cmake)
[0.140s] -- Using all available rosidl_typesupport_cpp: rosidl_typesupport_fastrtps_cpp;rosidl_typesupport_introspection_cpp
[0.338s] -- Found ament_cmake_ros: 0.10.0 (/opt/ros/humble/share/ament_cmake_ros/cmake)
[0.468s] -- Using all available rosidl_typesupport_c: rosidl_typesupport_fastrtps_c;rosidl_typesupport_introspection_c
[0.636s] -- Using all available rosidl_typesupport_cpp: rosidl_typesupport_fastrtps_cpp;rosidl_typesupport_introspection_cpp
[0.653s] -- Found python_cmake_module: 0.10.0 (/opt/ros/humble/share/python_cmake_module/cmake)
[0.670s] -- Using PYTHON_EXECUTABLE: /usr/bin/python3
[0.670s] -- Using PYTHON_INCLUDE_DIRS: /usr/include/python3.10
[0.670s] -- Using PYTHON_LIBRARIES: /usr/lib/x86_64-linux-gnu/libpython3.10.so
[0.678s] -- Found ament_lint_auto: 0.12.10 (/opt/ros/humble/share/ament_lint_auto/cmake)
[0.703s] -- Added test 'cppcheck' to perform static code analysis on C / C++ code
[0.703s] -- Configured cppcheck include dirs: $<BUILD_INTERFACE:/home/addinedu/ros2_study/src/my_first_package_msgs/build/my_first_package_msgs/rosidl_generator_c>;$<BUILD_INTERFACE:/home/addinedu/ros2_study/src/my_first_package_msgs/build/my_first_package_msgs/rosidl_typesupport_fastrtps_c>;$<BUILD_INTERFACE:/home/addinedu/ros2_study/src/my_first_package_msgs/build/my_first_package_msgs/rosidl_typesupport_introspection_c>;$<BUILD_INTERFACE:/home/addinedu/ros2_study/src/my_first_package_msgs/build/my_first_package_msgs/rosidl_generator_cpp>;$<BUILD_INTERFACE:/home/addinedu/ros2_study/src/my_first_package_msgs/build/my_first_package_msgs/rosidl_typesupport_fastrtps_cpp>;$<BUILD_INTERFACE:/home/addinedu/ros2_study/src/my_first_package_msgs/build/my_first_package_msgs/rosidl_typesupport_introspection_cpp>;/home/addinedu/ros2_study/src/my_first_package_msgs/build/my_first_package_msgs/rosidl_generator_c;/home/addinedu/ros2_study/src/my_first_package_msgs/build/my_first_package_msgs/rosidl_generator_py
[0.704s] -- Configured cppcheck exclude dirs and/or files: 
[0.706s] -- Added test 'flake8' to check Python code syntax and style conventions
[0.711s] -- Added test 'lint_cmake' to check CMake code style
[0.714s] -- Added test 'pep257' to check Python code against some of the docstring style conventions in PEP 257
[0.733s] -- Added test 'uncrustify' to check C / C++ code style
[0.733s] -- Configured uncrustify additional arguments: 
[0.735s] -- Added test 'xmllint' to check XML markup files
[0.737s] -- Configuring done
[0.758s] -- Generating done
[0.760s] -- Build files have been written to: /home/addinedu/ros2_study/src/my_first_package_msgs/build/my_first_package_msgs
[0.778s] [35m[1mConsolidate compiler generated dependencies of target my_first_package_msgs__rosidl_generator_c[0m
[0.785s] [  2%] Built target my_first_package_msgs__cpp
[0.787s] [ 12%] Built target my_first_package_msgs__rosidl_generator_c
[0.793s] [ 12%] Built target ament_cmake_python_copy_my_first_package_msgs
[0.794s] [35m[1mConsolidate compiler generated dependencies of target my_first_package_msgs__rosidl_typesupport_introspection_cpp[0m
[0.794s] [35m[1mConsolidate compiler generated dependencies of target my_first_package_msgs__rosidl_typesupport_c[0m
[0.795s] [35m[1mConsolidate compiler generated dependencies of target my_first_package_msgs__rosidl_typesupport_cpp[0m
[0.796s] [35m[1mConsolidate compiler generated dependencies of target my_first_package_msgs__rosidl_typesupport_fastrtps_cpp[0m
[0.797s] [35m[1mConsolidate compiler generated dependencies of target my_first_package_msgs__rosidl_typesupport_introspection_c[0m
[0.797s] [35m[1mConsolidate compiler generated dependencies of target my_first_package_msgs__rosidl_typesupport_fastrtps_c[0m
[0.802s] [ 23%] Built target my_first_package_msgs__rosidl_typesupport_c
[0.804s] [ 33%] Built target my_first_package_msgs__rosidl_typesupport_introspection_cpp
[0.808s] [ 53%] Built target my_first_package_msgs__rosidl_typesupport_introspection_c
[0.808s] [ 53%] Built target my_first_package_msgs__rosidl_typesupport_cpp
[0.809s] [ 64%] Built target my_first_package_msgs__rosidl_typesupport_fastrtps_cpp
[0.810s] [ 74%] Built target my_first_package_msgs__rosidl_typesupport_fastrtps_c
[0.825s] [ 74%] Built target my_first_package_msgs
[0.840s] [ 76%] Built target my_first_package_msgs__py
[0.848s] [35m[1mConsolidate compiler generated dependencies of target my_first_package_msgs__rosidl_generator_py[0m
[0.859s] [ 84%] Built target my_first_package_msgs__rosidl_generator_py
[0.867s] [35m[1mConsolidate compiler generated dependencies of target my_first_package_msgs__rosidl_typesupport_c__pyext[0m
[0.868s] [35m[1mConsolidate compiler generated dependencies of target my_first_package_msgs__rosidl_typesupport_introspection_c__pyext[0m
[0.868s] [35m[1mConsolidate compiler generated dependencies of target my_first_package_msgs__rosidl_typesupport_fastrtps_c__pyext[0m
[0.878s] [ 97%] Built target my_first_package_msgs__rosidl_typesupport_c__pyext
[0.878s] [ 97%] Built target my_first_package_msgs__rosidl_typesupport_fastrtps_c__pyext
[0.878s] [100%] Built target my_first_package_msgs__rosidl_typesupport_introspection_c__pyext
[0.974s] running egg_info
[0.991s] writing my_first_package_msgs.egg-info/PKG-INFO
[0.991s] writing dependency_links to my_first_package_msgs.egg-info/dependency_links.txt
[0.991s] writing top-level names to my_first_package_msgs.egg-info/top_level.txt
[1.039s] reading manifest file 'my_first_package_msgs.egg-info/SOURCES.txt'
[1.040s] writing manifest file 'my_first_package_msgs.egg-info/SOURCES.txt'
[1.057s] [100%] Built target ament_cmake_python_build_my_first_package_msgs_egg
[1.067s] Invoked command in '/home/addinedu/ros2_study/src/my_first_package_msgs/build/my_first_package_msgs' returned '0': CMAKE_PREFIX_PATH=${CMAKE_PREFIX_PATH}:/home/addinedu/ros2_study/install/my_first_package:/opt/ros/humble /usr/bin/cmake --build /home/addinedu/ros2_study/src/my_first_package_msgs/build/my_first_package_msgs -- -j12 -l12
[1.119s] Invoking command in '/home/addinedu/ros2_study/src/my_first_package_msgs/build/my_first_package_msgs': CMAKE_PREFIX_PATH=${CMAKE_PREFIX_PATH}:/home/addinedu/ros2_study/install/my_first_package:/opt/ros/humble /usr/bin/cmake --install /home/addinedu/ros2_study/src/my_first_package_msgs/build/my_first_package_msgs
[1.125s] -- Install configuration: ""
[1.126s] -- Up-to-date: /home/addinedu/ros2_study/src/my_first_package_msgs/install/my_first_package_msgs/share/ament_index/resource_index/rosidl_interfaces/my_first_package_msgs
[1.126s] -- Up-to-date: /home/addinedu/ros2_study/src/my_first_package_msgs/install/my_first_package_msgs/include/my_first_package_msgs/my_first_package_msgs
[1.126s] -- Up-to-date: /home/addinedu/ros2_study/src/my_first_package_msgs/install/my_first_package_msgs/include/my_first_package_msgs/my_first_package_msgs/msg
[1.126s] -- Up-to-date: /home/addinedu/ros2_study/src/my_first_package_msgs/install/my_first_package_msgs/include/my_first_package_msgs/my_first_package_msgs/msg/detail
[1.126s] -- Up-to-date: /home/addinedu/ros2_study/src/my_first_package_msgs/install/my_first_package_msgs/include/my_first_package_msgs/my_first_package_msgs/msg/detail/cmd_and_pose_vel__struct.h
[1.126s] -- Up-to-date: /home/addinedu/ros2_study/src/my_first_package_msgs/install/my_first_package_msgs/include/my_first_package_msgs/my_first_package_msgs/msg/detail/cmd_and_pose_vel__functions.h
[1.126s] -- Up-to-date: /home/addinedu/ros2_study/src/my_first_package_msgs/install/my_first_package_msgs/include/my_first_package_msgs/my_first_package_msgs/msg/detail/cmd_and_pose_vel__type_support.h
[1.126s] -- Up-to-date: /home/addinedu/ros2_study/src/my_first_package_msgs/install/my_first_package_msgs/include/my_first_package_msgs/my_first_package_msgs/msg/detail/cmd_and_pose_vel__functions.c
[1.126s] -- Up-to-date: /home/addinedu/ros2_study/src/my_first_package_msgs/install/my_first_package_msgs/include/my_first_package_msgs/my_first_package_msgs/msg/cmd_and_pose_vel.h
[1.126s] -- Up-to-date: /home/addinedu/ros2_study/src/my_first_package_msgs/install/my_first_package_msgs/include/my_first_package_msgs/my_first_package_msgs/msg/rosidl_generator_c__visibility_control.h
[1.126s] -- Up-to-date: /home/addinedu/ros2_study/src/my_first_package_msgs/install/my_first_package_msgs/include/my_first_package_msgs/my_first_package_msgs/srv
[1.126s] -- Up-to-date: /home/addinedu/ros2_study/src/my_first_package_msgs/install/my_first_package_msgs/include/my_first_package_msgs/my_first_package_msgs/srv/multi_spawn.h
[1.126s] -- Up-to-date: /home/addinedu/ros2_study/src/my_first_package_msgs/install/my_first_package_msgs/include/my_first_package_msgs/my_first_package_msgs/srv/detail
[1.126s] -- Up-to-date: /home/addinedu/ros2_study/src/my_first_package_msgs/install/my_first_package_msgs/include/my_first_package_msgs/my_first_package_msgs/srv/detail/multi_spawn__type_support.h
[1.126s] -- Up-to-date: /home/addinedu/ros2_study/src/my_first_package_msgs/install/my_first_package_msgs/include/my_first_package_msgs/my_first_package_msgs/srv/detail/multi_spawn__functions.h
[1.126s] -- Up-to-date: /home/addinedu/ros2_study/src/my_first_package_msgs/install/my_first_package_msgs/include/my_first_package_msgs/my_first_package_msgs/srv/detail/multi_spawn__struct.h
[1.126s] -- Up-to-date: /home/addinedu/ros2_study/src/my_first_package_msgs/install/my_first_package_msgs/include/my_first_package_msgs/my_first_package_msgs/srv/detail/multi_spawn__functions.c
[1.127s] -- Up-to-date: /home/addinedu/ros2_study/src/my_first_package_msgs/install/my_first_package_msgs/share/my_first_package_msgs/environment/library_path.sh
[1.127s] -- Installing: /home/addinedu/ros2_study/src/my_first_package_msgs/install/my_first_package_msgs/share/my_first_package_msgs/environment/library_path.dsv
[1.127s] -- Up-to-date: /home/addinedu/ros2_study/src/my_first_package_msgs/install/my_first_package_msgs/lib/libmy_first_package_msgs__rosidl_generator_c.so
[1.127s] -- Up-to-date: /home/addinedu/ros2_study/src/my_first_package_msgs/install/my_first_package_msgs/include/my_first_package_msgs/my_first_package_msgs
[1.127s] -- Up-to-date: /home/addinedu/ros2_study/src/my_first_package_msgs/install/my_first_package_msgs/include/my_first_package_msgs/my_first_package_msgs/msg
[1.127s] -- Up-to-date: /home/addinedu/ros2_study/src/my_first_package_msgs/install/my_first_package_msgs/include/my_first_package_msgs/my_first_package_msgs/msg/detail
[1.127s] -- Up-to-date: /home/addinedu/ros2_study/src/my_first_package_msgs/install/my_first_package_msgs/include/my_first_package_msgs/my_first_package_msgs/msg/detail/cmd_and_pose_vel__rosidl_typesupport_fastrtps_c.h
[1.127s] -- Up-to-date: /home/addinedu/ros2_study/src/my_first_package_msgs/install/my_first_package_msgs/include/my_first_package_msgs/my_first_package_msgs/msg/rosidl_typesupport_fastrtps_c__visibility_control.h
[1.127s] -- Up-to-date: /home/addinedu/ros2_study/src/my_first_package_msgs/install/my_first_package_msgs/include/my_first_package_msgs/my_first_package_msgs/srv
[1.127s] -- Up-to-date: /home/addinedu/ros2_study/src/my_first_package_msgs/install/my_first_package_msgs/include/my_first_package_msgs/my_first_package_msgs/srv/detail
[1.127s] -- Up-to-date: /home/addinedu/ros2_study/src/my_first_package_msgs/install/my_first_package_msgs/include/my_first_package_msgs/my_first_package_msgs/srv/detail/multi_spawn__rosidl_typesupport_fastrtps_c.h
[1.127s] -- Up-to-date: /home/addinedu/ros2_study/src/my_first_package_msgs/install/my_first_package_msgs/lib/libmy_first_package_msgs__rosidl_typesupport_fastrtps_c.so
[1.127s] -- Up-to-date: /home/addinedu/ros2_study/src/my_first_package_msgs/install/my_first_package_msgs/include/my_first_package_msgs/my_first_package_msgs
[1.127s] -- Up-to-date: /home/addinedu/ros2_study/src/my_first_package_msgs/install/my_first_package_msgs/include/my_first_package_msgs/my_first_package_msgs/msg
[1.127s] -- Up-to-date: /home/addinedu/ros2_study/src/my_first_package_msgs/install/my_first_package_msgs/include/my_first_package_msgs/my_first_package_msgs/msg/rosidl_typesupport_introspection_c__visibility_control.h
[1.127s] -- Up-to-date: /home/addinedu/ros2_study/src/my_first_package_msgs/install/my_first_package_msgs/include/my_first_package_msgs/my_first_package_msgs/msg/detail
[1.128s] -- Up-to-date: /home/addinedu/ros2_study/src/my_first_package_msgs/install/my_first_package_msgs/include/my_first_package_msgs/my_first_package_msgs/msg/detail/cmd_and_pose_vel__type_support.c
[1.128s] -- Up-to-date: /home/addinedu/ros2_study/src/my_first_package_msgs/install/my_first_package_msgs/include/my_first_package_msgs/my_first_package_msgs/msg/detail/cmd_and_pose_vel__rosidl_typesupport_introspection_c.h
[1.128s] -- Up-to-date: /home/addinedu/ros2_study/src/my_first_package_msgs/install/my_first_package_msgs/include/my_first_package_msgs/my_first_package_msgs/srv
[1.128s] -- Up-to-date: /home/addinedu/ros2_study/src/my_first_package_msgs/install/my_first_package_msgs/include/my_first_package_msgs/my_first_package_msgs/srv/detail
[1.128s] -- Up-to-date: /home/addinedu/ros2_study/src/my_first_package_msgs/install/my_first_package_msgs/include/my_first_package_msgs/my_first_package_msgs/srv/detail/multi_spawn__rosidl_typesupport_introspection_c.h
[1.128s] -- Up-to-date: /home/addinedu/ros2_study/src/my_first_package_msgs/install/my_first_package_msgs/include/my_first_package_msgs/my_first_package_msgs/srv/detail/multi_spawn__type_support.c
[1.128s] -- Up-to-date: /home/addinedu/ros2_study/src/my_first_package_msgs/install/my_first_package_msgs/lib/libmy_first_package_msgs__rosidl_typesupport_introspection_c.so
[1.128s] -- Up-to-date: /home/addinedu/ros2_study/src/my_first_package_msgs/install/my_first_package_msgs/lib/libmy_first_package_msgs__rosidl_typesupport_c.so
[1.128s] -- Up-to-date: /home/addinedu/ros2_study/src/my_first_package_msgs/install/my_first_package_msgs/include/my_first_package_msgs/my_first_package_msgs
[1.128s] -- Up-to-date: /home/addinedu/ros2_study/src/my_first_package_msgs/install/my_first_package_msgs/include/my_first_package_msgs/my_first_package_msgs/msg
[1.128s] -- Up-to-date: /home/addinedu/ros2_study/src/my_first_package_msgs/install/my_first_package_msgs/include/my_first_package_msgs/my_first_package_msgs/msg/cmd_and_pose_vel.hpp
[1.128s] -- Up-to-date: /home/addinedu/ros2_study/src/my_first_package_msgs/install/my_first_package_msgs/include/my_first_package_msgs/my_first_package_msgs/msg/detail
[1.128s] -- Up-to-date: /home/addinedu/ros2_study/src/my_first_package_msgs/install/my_first_package_msgs/include/my_first_package_msgs/my_first_package_msgs/msg/detail/cmd_and_pose_vel__traits.hpp
[1.128s] -- Up-to-date: /home/addinedu/ros2_study/src/my_first_package_msgs/install/my_first_package_msgs/include/my_first_package_msgs/my_first_package_msgs/msg/detail/cmd_and_pose_vel__builder.hpp
[1.128s] -- Up-to-date: /home/addinedu/ros2_study/src/my_first_package_msgs/install/my_first_package_msgs/include/my_first_package_msgs/my_first_package_msgs/msg/detail/cmd_and_pose_vel__struct.hpp
[1.128s] -- Up-to-date: /home/addinedu/ros2_study/src/my_first_package_msgs/install/my_first_package_msgs/include/my_first_package_msgs/my_first_package_msgs/srv
[1.129s] -- Up-to-date: /home/addinedu/ros2_study/src/my_first_package_msgs/install/my_first_package_msgs/include/my_first_package_msgs/my_first_package_msgs/srv/multi_spawn.hpp
[1.129s] -- Up-to-date: /home/addinedu/ros2_study/src/my_first_package_msgs/install/my_first_package_msgs/include/my_first_package_msgs/my_first_package_msgs/srv/detail
[1.129s] -- Up-to-date: /home/addinedu/ros2_study/src/my_first_package_msgs/install/my_first_package_msgs/include/my_first_package_msgs/my_first_package_msgs/srv/detail/multi_spawn__struct.hpp
[1.129s] -- Up-to-date: /home/addinedu/ros2_study/src/my_first_package_msgs/install/my_first_package_msgs/include/my_first_package_msgs/my_first_package_msgs/srv/detail/multi_spawn__builder.hpp
[1.129s] -- Up-to-date: /home/addinedu/ros2_study/src/my_first_package_msgs/install/my_first_package_msgs/include/my_first_package_msgs/my_first_package_msgs/srv/detail/multi_spawn__traits.hpp
[1.129s] -- Up-to-date: /home/addinedu/ros2_study/src/my_first_package_msgs/install/my_first_package_msgs/include/my_first_package_msgs/my_first_package_msgs
[1.129s] -- Up-to-date: /home/addinedu/ros2_study/src/my_first_package_msgs/install/my_first_package_msgs/include/my_first_package_msgs/my_first_package_msgs/msg
[1.129s] -- Up-to-date: /home/addinedu/ros2_study/src/my_first_package_msgs/install/my_first_package_msgs/include/my_first_package_msgs/my_first_package_msgs/msg/rosidl_typesupport_fastrtps_cpp__visibility_control.h
[1.129s] -- Up-to-date: /home/addinedu/ros2_study/src/my_first_package_msgs/install/my_first_package_msgs/include/my_first_package_msgs/my_first_package_msgs/msg/detail
[1.129s] -- Up-to-date: /home/addinedu/ros2_study/src/my_first_package_msgs/install/my_first_package_msgs/include/my_first_package_msgs/my_first_package_msgs/msg/detail/dds_fastrtps
[1.129s] -- Up-to-date: /home/addinedu/ros2_study/src/my_first_package_msgs/install/my_first_package_msgs/include/my_first_package_msgs/my_first_package_msgs/msg/detail/cmd_and_pose_vel__rosidl_typesupport_fastrtps_cpp.hpp
[1.129s] -- Up-to-date: /home/addinedu/ros2_study/src/my_first_package_msgs/install/my_first_package_msgs/include/my_first_package_msgs/my_first_package_msgs/srv
[1.129s] -- Up-to-date: /home/addinedu/ros2_study/src/my_first_package_msgs/install/my_first_package_msgs/include/my_first_package_msgs/my_first_package_msgs/srv/detail
[1.129s] -- Up-to-date: /home/addinedu/ros2_study/src/my_first_package_msgs/install/my_first_package_msgs/include/my_first_package_msgs/my_first_package_msgs/srv/detail/multi_spawn__rosidl_typesupport_fastrtps_cpp.hpp
[1.129s] -- Up-to-date: /home/addinedu/ros2_study/src/my_first_package_msgs/install/my_first_package_msgs/include/my_first_package_msgs/my_first_package_msgs/srv/detail/dds_fastrtps
[1.129s] -- Up-to-date: /home/addinedu/ros2_study/src/my_first_package_msgs/install/my_first_package_msgs/lib/libmy_first_package_msgs__rosidl_typesupport_fastrtps_cpp.so
[1.130s] -- Up-to-date: /home/addinedu/ros2_study/src/my_first_package_msgs/install/my_first_package_msgs/include/my_first_package_msgs/my_first_package_msgs
[1.130s] -- Up-to-date: /home/addinedu/ros2_study/src/my_first_package_msgs/install/my_first_package_msgs/include/my_first_package_msgs/my_first_package_msgs/msg
[1.130s] -- Up-to-date: /home/addinedu/ros2_study/src/my_first_package_msgs/install/my_first_package_msgs/include/my_first_package_msgs/my_first_package_msgs/msg/detail
[1.130s] -- Up-to-date: /home/addinedu/ros2_study/src/my_first_package_msgs/install/my_first_package_msgs/include/my_first_package_msgs/my_first_package_msgs/msg/detail/cmd_and_pose_vel__type_support.cpp
[1.130s] -- Up-to-date: /home/addinedu/ros2_study/src/my_first_package_msgs/install/my_first_package_msgs/include/my_first_package_msgs/my_first_package_msgs/msg/detail/cmd_and_pose_vel__rosidl_typesupport_introspection_cpp.hpp
[1.130s] -- Up-to-date: /home/addinedu/ros2_study/src/my_first_package_msgs/install/my_first_package_msgs/include/my_first_package_msgs/my_first_package_msgs/srv
[1.130s] -- Up-to-date: /home/addinedu/ros2_study/src/my_first_package_msgs/install/my_first_package_msgs/include/my_first_package_msgs/my_first_package_msgs/srv/detail
[1.130s] -- Up-to-date: /home/addinedu/ros2_study/src/my_first_package_msgs/install/my_first_package_msgs/include/my_first_package_msgs/my_first_package_msgs/srv/detail/multi_spawn__rosidl_typesupport_introspection_cpp.hpp
[1.130s] -- Up-to-date: /home/addinedu/ros2_study/src/my_first_package_msgs/install/my_first_package_msgs/include/my_first_package_msgs/my_first_package_msgs/srv/detail/multi_spawn__type_support.cpp
[1.130s] -- Up-to-date: /home/addinedu/ros2_study/src/my_first_package_msgs/install/my_first_package_msgs/lib/libmy_first_package_msgs__rosidl_typesupport_introspection_cpp.so
[1.130s] -- Up-to-date: /home/addinedu/ros2_study/src/my_first_package_msgs/install/my_first_package_msgs/lib/libmy_first_package_msgs__rosidl_typesupport_cpp.so
[1.130s] -- Up-to-date: /home/addinedu/ros2_study/src/my_first_package_msgs/install/my_first_package_msgs/share/my_first_package_msgs/environment/pythonpath.sh
[1.130s] -- Installing: /home/addinedu/ros2_study/src/my_first_package_msgs/install/my_first_package_msgs/share/my_first_package_msgs/environment/pythonpath.dsv
[1.130s] -- Up-to-date: /home/addinedu/ros2_study/src/my_first_package_msgs/install/my_first_package_msgs/local/lib/python3.10/dist-packages/my_first_package_msgs-0.0.0-py3.10.egg-info
[1.130s] -- Installing: /home/addinedu/ros2_study/src/my_first_package_msgs/install/my_first_package_msgs/local/lib/python3.10/dist-packages/my_first_package_msgs-0.0.0-py3.10.egg-info/dependency_links.txt
[1.130s] -- Installing: /home/addinedu/ros2_study/src/my_first_package_msgs/install/my_first_package_msgs/local/lib/python3.10/dist-packages/my_first_package_msgs-0.0.0-py3.10.egg-info/SOURCES.txt
[1.130s] -- Installing: /home/addinedu/ros2_study/src/my_first_package_msgs/install/my_first_package_msgs/local/lib/python3.10/dist-packages/my_first_package_msgs-0.0.0-py3.10.egg-info/top_level.txt
[1.130s] -- Installing: /home/addinedu/ros2_study/src/my_first_package_msgs/install/my_first_package_msgs/local/lib/python3.10/dist-packages/my_first_package_msgs-0.0.0-py3.10.egg-info/PKG-INFO
[1.130s] -- Up-to-date: /home/addinedu/ros2_study/src/my_first_package_msgs/install/my_first_package_msgs/local/lib/python3.10/dist-packages/my_first_package_msgs
[1.130s] -- Up-to-date: /home/addinedu/ros2_study/src/my_first_package_msgs/install/my_first_package_msgs/local/lib/python3.10/dist-packages/my_first_package_msgs/my_first_package_msgs_s__rosidl_typesupport_introspection_c.cpython-310-x86_64-linux-gnu.so
[1.131s] -- Up-to-date: /home/addinedu/ros2_study/src/my_first_package_msgs/install/my_first_package_msgs/local/lib/python3.10/dist-packages/my_first_package_msgs/libmy_first_package_msgs__rosidl_generator_py.so
[1.131s] -- Up-to-date: /home/addinedu/ros2_study/src/my_first_package_msgs/install/my_first_package_msgs/local/lib/python3.10/dist-packages/my_first_package_msgs/_my_first_package_msgs_s.ep.rosidl_typesupport_c.c
[1.131s] -- Up-to-date: /home/addinedu/ros2_study/src/my_first_package_msgs/install/my_first_package_msgs/local/lib/python3.10/dist-packages/my_first_package_msgs/_my_first_package_msgs_s.ep.rosidl_typesupport_fastrtps_c.c
[1.131s] -- Installing: /home/addinedu/ros2_study/src/my_first_package_msgs/install/my_first_package_msgs/local/lib/python3.10/dist-packages/my_first_package_msgs/__init__.py
[1.131s] -- Up-to-date: /home/addinedu/ros2_study/src/my_first_package_msgs/install/my_first_package_msgs/local/lib/python3.10/dist-packages/my_first_package_msgs/msg
[1.131s] -- Up-to-date: /home/addinedu/ros2_study/src/my_first_package_msgs/install/my_first_package_msgs/local/lib/python3.10/dist-packages/my_first_package_msgs/msg/__init__.py
[1.131s] -- Up-to-date: /home/addinedu/ros2_study/src/my_first_package_msgs/install/my_first_package_msgs/local/lib/python3.10/dist-packages/my_first_package_msgs/msg/_cmd_and_pose_vel_s.c
[1.131s] -- Up-to-date: /home/addinedu/ros2_study/src/my_first_package_msgs/install/my_first_package_msgs/local/lib/python3.10/dist-packages/my_first_package_msgs/msg/_cmd_and_pose_vel.py
[1.131s] -- Up-to-date: /home/addinedu/ros2_study/src/my_first_package_msgs/install/my_first_package_msgs/local/lib/python3.10/dist-packages/my_first_package_msgs/srv
[1.131s] -- Up-to-date: /home/addinedu/ros2_study/src/my_first_package_msgs/install/my_first_package_msgs/local/lib/python3.10/dist-packages/my_first_package_msgs/srv/__init__.py
[1.131s] -- Up-to-date: /home/addinedu/ros2_study/src/my_first_package_msgs/install/my_first_package_msgs/local/lib/python3.10/dist-packages/my_first_package_msgs/srv/_multi_spawn.py
[1.131s] -- Up-to-date: /home/addinedu/ros2_study/src/my_first_package_msgs/install/my_first_package_msgs/local/lib/python3.10/dist-packages/my_first_package_msgs/srv/_multi_spawn_s.c
[1.131s] -- Up-to-date: /home/addinedu/ros2_study/src/my_first_package_msgs/install/my_first_package_msgs/local/lib/python3.10/dist-packages/my_first_package_msgs/my_first_package_msgs_s__rosidl_typesupport_fastrtps_c.cpython-310-x86_64-linux-gnu.so
[1.131s] -- Up-to-date: /home/addinedu/ros2_study/src/my_first_package_msgs/install/my_first_package_msgs/local/lib/python3.10/dist-packages/my_first_package_msgs/_my_first_package_msgs_s.ep.rosidl_typesupport_introspection_c.c
[1.131s] -- Up-to-date: /home/addinedu/ros2_study/src/my_first_package_msgs/install/my_first_package_msgs/local/lib/python3.10/dist-packages/my_first_package_msgs/my_first_package_msgs_s__rosidl_typesupport_c.cpython-310-x86_64-linux-gnu.so
[1.154s] Listing '/home/addinedu/ros2_study/src/my_first_package_msgs/install/my_first_package_msgs/local/lib/python3.10/dist-packages/my_first_package_msgs'...
[1.154s] Compiling '/home/addinedu/ros2_study/src/my_first_package_msgs/install/my_first_package_msgs/local/lib/python3.10/dist-packages/my_first_package_msgs/__init__.py'...
[1.155s] Listing '/home/addinedu/ros2_study/src/my_first_package_msgs/install/my_first_package_msgs/local/lib/python3.10/dist-packages/my_first_package_msgs/msg'...
[1.155s] Listing '/home/addinedu/ros2_study/src/my_first_package_msgs/install/my_first_package_msgs/local/lib/python3.10/dist-packages/my_first_package_msgs/srv'...
[1.158s] -- Up-to-date: /home/addinedu/ros2_study/src/my_first_package_msgs/install/my_first_package_msgs/local/lib/python3.10/dist-packages/my_first_package_msgs/my_first_package_msgs_s__rosidl_typesupport_fastrtps_c.cpython-310-x86_64-linux-gnu.so
[1.158s] -- Up-to-date: /home/addinedu/ros2_study/src/my_first_package_msgs/install/my_first_package_msgs/local/lib/python3.10/dist-packages/my_first_package_msgs/my_first_package_msgs_s__rosidl_typesupport_introspection_c.cpython-310-x86_64-linux-gnu.so
[1.158s] -- Up-to-date: /home/addinedu/ros2_study/src/my_first_package_msgs/install/my_first_package_msgs/local/lib/python3.10/dist-packages/my_first_package_msgs/my_first_package_msgs_s__rosidl_typesupport_c.cpython-310-x86_64-linux-gnu.so
[1.158s] -- Up-to-date: /home/addinedu/ros2_study/src/my_first_package_msgs/install/my_first_package_msgs/lib/libmy_first_package_msgs__rosidl_generator_py.so
[1.158s] -- Up-to-date: /home/addinedu/ros2_study/src/my_first_package_msgs/install/my_first_package_msgs/share/my_first_package_msgs/msg/CmdAndPoseVel.idl
[1.159s] -- Up-to-date: /home/addinedu/ros2_study/src/my_first_package_msgs/install/my_first_package_msgs/share/my_first_package_msgs/srv/MultiSpawn.idl
[1.159s] -- Up-to-date: /home/addinedu/ros2_study/src/my_first_package_msgs/install/my_first_package_msgs/share/my_first_package_msgs/msg/CmdAndPoseVel.msg
[1.159s] -- Up-to-date: /home/addinedu/ros2_study/src/my_first_package_msgs/install/my_first_package_msgs/share/my_first_package_msgs/srv/MultiSpawn.srv
[1.159s] -- Up-to-date: /home/addinedu/ros2_study/src/my_first_package_msgs/install/my_first_package_msgs/share/my_first_package_msgs/srv/MultiSpawn_Request.msg
[1.159s] -- Up-to-date: /home/addinedu/ros2_study/src/my_first_package_msgs/install/my_first_package_msgs/share/my_first_package_msgs/srv/MultiSpawn_Response.msg
[1.159s] -- Up-to-date: /home/addinedu/ros2_study/src/my_first_package_msgs/install/my_first_package_msgs/share/ament_index/resource_index/package_run_dependencies/my_first_package_msgs
[1.159s] -- Up-to-date: /home/addinedu/ros2_study/src/my_first_package_msgs/install/my_first_package_msgs/share/ament_index/resource_index/parent_prefix_path/my_first_package_msgs
[1.159s] -- Up-to-date: /home/addinedu/ros2_study/src/my_first_package_msgs/install/my_first_package_msgs/share/my_first_package_msgs/environment/ament_prefix_path.sh
[1.159s] -- Installing: /home/addinedu/ros2_study/src/my_first_package_msgs/install/my_first_package_msgs/share/my_first_package_msgs/environment/ament_prefix_path.dsv
[1.159s] -- Up-to-date: /home/addinedu/ros2_study/src/my_first_package_msgs/install/my_first_package_msgs/share/my_first_package_msgs/environment/path.sh
[1.159s] -- Installing: /home/addinedu/ros2_study/src/my_first_package_msgs/install/my_first_package_msgs/share/my_first_package_msgs/environment/path.dsv
[1.159s] -- Up-to-date: /home/addinedu/ros2_study/src/my_first_package_msgs/install/my_first_package_msgs/share/my_first_package_msgs/local_setup.bash
[1.159s] -- Up-to-date: /home/addinedu/ros2_study/src/my_first_package_msgs/install/my_first_package_msgs/share/my_first_package_msgs/local_setup.sh
[1.159s] -- Up-to-date: /home/addinedu/ros2_study/src/my_first_package_msgs/install/my_first_package_msgs/share/my_first_package_msgs/local_setup.zsh
[1.159s] -- Installing: /home/addinedu/ros2_study/src/my_first_package_msgs/install/my_first_package_msgs/share/my_first_package_msgs/local_setup.dsv
[1.159s] -- Installing: /home/addinedu/ros2_study/src/my_first_package_msgs/install/my_first_package_msgs/share/my_first_package_msgs/package.dsv
[1.160s] -- Up-to-date: /home/addinedu/ros2_study/src/my_first_package_msgs/install/my_first_package_msgs/share/ament_index/resource_index/packages/my_first_package_msgs
[1.160s] -- Up-to-date: /home/addinedu/ros2_study/src/my_first_package_msgs/install/my_first_package_msgs/share/my_first_package_msgs/cmake/export_my_first_package_msgs__rosidl_generator_cExport.cmake
[1.160s] -- Up-to-date: /home/addinedu/ros2_study/src/my_first_package_msgs/install/my_first_package_msgs/share/my_first_package_msgs/cmake/export_my_first_package_msgs__rosidl_generator_cExport-noconfig.cmake
[1.160s] -- Up-to-date: /home/addinedu/ros2_study/src/my_first_package_msgs/install/my_first_package_msgs/share/my_first_package_msgs/cmake/export_my_first_package_msgs__rosidl_typesupport_fastrtps_cExport.cmake
[1.160s] -- Up-to-date: /home/addinedu/ros2_study/src/my_first_package_msgs/install/my_first_package_msgs/share/my_first_package_msgs/cmake/export_my_first_package_msgs__rosidl_typesupport_fastrtps_cExport-noconfig.cmake
[1.160s] -- Up-to-date: /home/addinedu/ros2_study/src/my_first_package_msgs/install/my_first_package_msgs/share/my_first_package_msgs/cmake/my_first_package_msgs__rosidl_typesupport_introspection_cExport.cmake
[1.160s] -- Up-to-date: /home/addinedu/ros2_study/src/my_first_package_msgs/install/my_first_package_msgs/share/my_first_package_msgs/cmake/my_first_package_msgs__rosidl_typesupport_introspection_cExport-noconfig.cmake
[1.160s] -- Up-to-date: /home/addinedu/ros2_study/src/my_first_package_msgs/install/my_first_package_msgs/share/my_first_package_msgs/cmake/my_first_package_msgs__rosidl_typesupport_cExport.cmake
[1.160s] -- Up-to-date: /home/addinedu/ros2_study/src/my_first_package_msgs/install/my_first_package_msgs/share/my_first_package_msgs/cmake/my_first_package_msgs__rosidl_typesupport_cExport-noconfig.cmake
[1.160s] -- Up-to-date: /home/addinedu/ros2_study/src/my_first_package_msgs/install/my_first_package_msgs/share/my_first_package_msgs/cmake/export_my_first_package_msgs__rosidl_generator_cppExport.cmake
[1.160s] -- Up-to-date: /home/addinedu/ros2_study/src/my_first_package_msgs/install/my_first_package_msgs/share/my_first_package_msgs/cmake/export_my_first_package_msgs__rosidl_typesupport_fastrtps_cppExport.cmake
[1.160s] -- Up-to-date: /home/addinedu/ros2_study/src/my_first_package_msgs/install/my_first_package_msgs/share/my_first_package_msgs/cmake/export_my_first_package_msgs__rosidl_typesupport_fastrtps_cppExport-noconfig.cmake
[1.160s] -- Up-to-date: /home/addinedu/ros2_study/src/my_first_package_msgs/install/my_first_package_msgs/share/my_first_package_msgs/cmake/my_first_package_msgs__rosidl_typesupport_introspection_cppExport.cmake
[1.160s] -- Up-to-date: /home/addinedu/ros2_study/src/my_first_package_msgs/install/my_first_package_msgs/share/my_first_package_msgs/cmake/my_first_package_msgs__rosidl_typesupport_introspection_cppExport-noconfig.cmake
[1.160s] -- Up-to-date: /home/addinedu/ros2_study/src/my_first_package_msgs/install/my_first_package_msgs/share/my_first_package_msgs/cmake/my_first_package_msgs__rosidl_typesupport_cppExport.cmake
[1.160s] -- Up-to-date: /home/addinedu/ros2_study/src/my_first_package_msgs/install/my_first_package_msgs/share/my_first_package_msgs/cmake/my_first_package_msgs__rosidl_typesupport_cppExport-noconfig.cmake
[1.160s] -- Up-to-date: /home/addinedu/ros2_study/src/my_first_package_msgs/install/my_first_package_msgs/share/my_first_package_msgs/cmake/export_my_first_package_msgs__rosidl_generator_pyExport.cmake
[1.161s] -- Up-to-date: /home/addinedu/ros2_study/src/my_first_package_msgs/install/my_first_package_msgs/share/my_first_package_msgs/cmake/export_my_first_package_msgs__rosidl_generator_pyExport-noconfig.cmake
[1.161s] -- Up-to-date: /home/addinedu/ros2_study/src/my_first_package_msgs/install/my_first_package_msgs/share/my_first_package_msgs/cmake/rosidl_cmake-extras.cmake
[1.161s] -- Up-to-date: /home/addinedu/ros2_study/src/my_first_package_msgs/install/my_first_package_msgs/share/my_first_package_msgs/cmake/ament_cmake_export_include_directories-extras.cmake
[1.161s] -- Up-to-date: /home/addinedu/ros2_study/src/my_first_package_msgs/install/my_first_package_msgs/share/my_first_package_msgs/cmake/ament_cmake_export_libraries-extras.cmake
[1.161s] -- Up-to-date: /home/addinedu/ros2_study/src/my_first_package_msgs/install/my_first_package_msgs/share/my_first_package_msgs/cmake/ament_cmake_export_targets-extras.cmake
[1.161s] -- Up-to-date: /home/addinedu/ros2_study/src/my_first_package_msgs/install/my_first_package_msgs/share/my_first_package_msgs/cmake/rosidl_cmake_export_typesupport_targets-extras.cmake
[1.161s] -- Up-to-date: /home/addinedu/ros2_study/src/my_first_package_msgs/install/my_first_package_msgs/share/my_first_package_msgs/cmake/ament_cmake_export_dependencies-extras.cmake
[1.161s] -- Up-to-date: /home/addinedu/ros2_study/src/my_first_package_msgs/install/my_first_package_msgs/share/my_first_package_msgs/cmake/rosidl_cmake_export_typesupport_libraries-extras.cmake
[1.161s] -- Up-to-date: /home/addinedu/ros2_study/src/my_first_package_msgs/install/my_first_package_msgs/share/my_first_package_msgs/cmake/my_first_package_msgsConfig.cmake
[1.161s] -- Up-to-date: /home/addinedu/ros2_study/src/my_first_package_msgs/install/my_first_package_msgs/share/my_first_package_msgs/cmake/my_first_package_msgsConfig-version.cmake
[1.161s] -- Up-to-date: /home/addinedu/ros2_study/src/my_first_package_msgs/install/my_first_package_msgs/share/my_first_package_msgs/package.xml
[1.162s] Invoked command in '/home/addinedu/ros2_study/src/my_first_package_msgs/build/my_first_package_msgs' returned '0': CMAKE_PREFIX_PATH=${CMAKE_PREFIX_PATH}:/home/addinedu/ros2_study/install/my_first_package:/opt/ros/humble /usr/bin/cmake --install /home/addinedu/ros2_study/src/my_first_package_msgs/build/my_first_package_msgs
