[0.008s] Invoking command in '/home/addinedu/ros2_study/src/my_first_package_msgs/build/my_first_package_msgs': CMAKE_PREFIX_PATH=${CMAKE_PREFIX_PATH}:/home/addinedu/ros2_study/install/my_first_package:/opt/ros/humble /usr/bin/cmake --build /home/addinedu/ros2_study/src/my_first_package_msgs/build/my_first_package_msgs -- -j12 -l12
[0.022s] [33mCMake Warning (dev) at CMakeLists.txt:17:
[0.022s]   Syntax Warning in cmake code at column 26
[0.022s] 
[0.022s]   Argument not separated from preceding token by whitespace.
[0.023s] This warning is for project developers.  Use -Wno-dev to suppress it.
[0.023s] [0m
[0.025s] -- Found ament_cmake: 1.3.8 (/opt/ros/humble/share/ament_cmake/cmake)
[0.116s] -- Found rosidl_default_generators: 1.2.0 (/opt/ros/humble/share/rosidl_default_generators/cmake)
[0.117s] -- Using all available rosidl_typesupport_c: rosidl_typesupport_fastrtps_c;rosidl_typesupport_introspection_c
[0.119s] -- Found rosidl_adapter: 3.1.5 (/opt/ros/humble/share/rosidl_adapter/cmake)
[0.142s] -- Using all available rosidl_typesupport_cpp: rosidl_typesupport_fastrtps_cpp;rosidl_typesupport_introspection_cpp
[0.162s] [31mCMake Error at /opt/ros/humble/share/rosidl_cmake/cmake/rosidl_generate_interfaces.cmake:93 (message):
[0.163s]   rosidl_generate_interfaces() the passed file ',' doesn't exist relative to
[0.163s]   the CMAKE_CURRENT_SOURCE_DIR
[0.163s]   '/home/addinedu/ros2_study/src/my_first_package_msgs'
[0.163s] Call Stack (most recent call first):
[0.163s]   CMakeLists.txt:16 (rosidl_generate_interfaces)
[0.163s] 
[0.163s] [0m
[0.163s] -- Configuring incomplete, errors occurred!
[0.163s] See also "/home/addinedu/ros2_study/src/my_first_package_msgs/build/my_first_package_msgs/CMakeFiles/CMakeOutput.log".
[0.165s] gmake: *** [Makefile:963: cmake_check_build_system] Error 1
[0.167s] Invoked command in '/home/addinedu/ros2_study/src/my_first_package_msgs/build/my_first_package_msgs' returned '2': CMAKE_PREFIX_PATH=${CMAKE_PREFIX_PATH}:/home/addinedu/ros2_study/install/my_first_package:/opt/ros/humble /usr/bin/cmake --build /home/addinedu/ros2_study/src/my_first_package_msgs/build/my_first_package_msgs -- -j12 -l12
