[0.080s] DEBUG:colcon:Command line arguments: ['/usr/bin/colcon', 'build']
[0.080s] DEBUG:colcon:Parsed command line arguments: Namespace(log_base=None, log_level=None, verb_name='build', build_base='build', install_base='install', merge_install=False, symlink_install=False, test_result_base=None, continue_on_error=False, executor='parallel', parallel_workers=12, event_handlers=None, ignore_user_meta=False, metas=['./colcon.meta'], base_paths=['.'], packages_ignore=None, packages_ignore_regex=None, paths=None, packages_up_to=None, packages_up_to_regex=None, packages_above=None, packages_above_and_dependencies=None, packages_above_depth=None, packages_select_by_dep=None, packages_skip_by_dep=None, packages_skip_up_to=None, packages_select_build_failed=False, packages_skip_build_finished=False, packages_select_test_failures=False, packages_skip_test_passed=False, packages_select=None, packages_skip=None, packages_select_regex=None, packages_skip_regex=None, packages_start=None, packages_end=None, allow_overriding=[], cmake_args=None, cmake_target=None, cmake_target_skip_unavailable=False, cmake_clean_cache=False, cmake_clean_first=False, cmake_force_configure=False, ament_cmake_args=None, catkin_cmake_args=None, catkin_skip_building_tests=False, verb_parser=<colcon_defaults.argument_parser.defaults.DefaultArgumentsDecorator object at 0x79191c22ef50>, verb_extension=<colcon_core.verb.build.BuildVerb object at 0x79191c32ba60>, main=<bound method BuildVerb.main of <colcon_core.verb.build.BuildVerb object at 0x79191c32ba60>>)
[0.109s] Level 1:colcon.colcon_core.package_discovery:discover_packages(colcon_meta) check parameters
[0.109s] Level 1:colcon.colcon_core.package_discovery:discover_packages(recursive) check parameters
[0.109s] Level 1:colcon.colcon_core.package_discovery:discover_packages(ignore) check parameters
[0.109s] Level 1:colcon.colcon_core.package_discovery:discover_packages(path) check parameters
[0.109s] Level 1:colcon.colcon_core.package_discovery:discover_packages(colcon_meta) discover
[0.109s] Level 1:colcon.colcon_core.package_discovery:discover_packages(recursive) discover
[0.109s] INFO:colcon.colcon_core.package_discovery:Crawling recursively for packages in '/home/addinedu/ros2_study/src/my_first_package_msgs'
[0.109s] Level 1:colcon.colcon_core.package_identification:_identify(.) by extensions ['ignore', 'ignore_ament_install']
[0.109s] Level 1:colcon.colcon_core.package_identification:_identify(.) by extension 'ignore'
[0.109s] Level 1:colcon.colcon_core.package_identification:_identify(.) by extension 'ignore_ament_install'
[0.109s] Level 1:colcon.colcon_core.package_identification:_identify(.) by extensions ['colcon_pkg']
[0.110s] Level 1:colcon.colcon_core.package_identification:_identify(.) by extension 'colcon_pkg'
[0.110s] Level 1:colcon.colcon_core.package_identification:_identify(.) by extensions ['colcon_meta']
[0.110s] Level 1:colcon.colcon_core.package_identification:_identify(.) by extension 'colcon_meta'
[0.110s] Level 1:colcon.colcon_core.package_identification:_identify(.) by extensions ['ros']
[0.110s] Level 1:colcon.colcon_core.package_identification:_identify(.) by extension 'ros'
[0.122s] DEBUG:colcon.colcon_core.package_identification:Package '.' with type 'ros.ament_cmake' and name 'my_first_package_msgs'
[0.122s] Level 1:colcon.colcon_core.package_discovery:discover_packages(recursive) using defaults
[0.122s] Level 1:colcon.colcon_core.package_discovery:discover_packages(ignore) discover
[0.122s] Level 1:colcon.colcon_core.package_discovery:discover_packages(ignore) using defaults
[0.122s] Level 1:colcon.colcon_core.package_discovery:discover_packages(path) discover
[0.122s] Level 1:colcon.colcon_core.package_discovery:discover_packages(path) using defaults
[0.136s] Level 1:colcon.colcon_core.package_discovery:discover_packages(prefix_path) check parameters
[0.136s] Level 1:colcon.colcon_core.package_discovery:discover_packages(prefix_path) discover
[0.137s] DEBUG:colcon.colcon_installed_package_information.package_discovery:Found 2 installed packages in /home/addinedu/ros2_study/install
[0.138s] DEBUG:colcon.colcon_installed_package_information.package_discovery:Found 277 installed packages in /opt/ros/humble
[0.139s] Level 1:colcon.colcon_core.package_discovery:discover_packages(prefix_path) using defaults
[0.166s] Level 5:colcon.colcon_core.verb:set package 'my_first_package_msgs' build argument 'cmake_args' from command line to 'None'
[0.166s] Level 5:colcon.colcon_core.verb:set package 'my_first_package_msgs' build argument 'cmake_target' from command line to 'None'
[0.166s] Level 5:colcon.colcon_core.verb:set package 'my_first_package_msgs' build argument 'cmake_target_skip_unavailable' from command line to 'False'
[0.166s] Level 5:colcon.colcon_core.verb:set package 'my_first_package_msgs' build argument 'cmake_clean_cache' from command line to 'False'
[0.166s] Level 5:colcon.colcon_core.verb:set package 'my_first_package_msgs' build argument 'cmake_clean_first' from command line to 'False'
[0.166s] Level 5:colcon.colcon_core.verb:set package 'my_first_package_msgs' build argument 'cmake_force_configure' from command line to 'False'
[0.166s] Level 5:colcon.colcon_core.verb:set package 'my_first_package_msgs' build argument 'ament_cmake_args' from command line to 'None'
[0.166s] Level 5:colcon.colcon_core.verb:set package 'my_first_package_msgs' build argument 'catkin_cmake_args' from command line to 'None'
[0.166s] Level 5:colcon.colcon_core.verb:set package 'my_first_package_msgs' build argument 'catkin_skip_building_tests' from command line to 'False'
[0.166s] DEBUG:colcon.colcon_core.verb:Building package 'my_first_package_msgs' with the following arguments: {'ament_cmake_args': None, 'build_base': '/home/addinedu/ros2_study/src/my_first_package_msgs/build/my_first_package_msgs', 'catkin_cmake_args': None, 'catkin_skip_building_tests': False, 'cmake_args': None, 'cmake_clean_cache': False, 'cmake_clean_first': False, 'cmake_force_configure': False, 'cmake_target': None, 'cmake_target_skip_unavailable': False, 'install_base': '/home/addinedu/ros2_study/src/my_first_package_msgs/install/my_first_package_msgs', 'merge_install': False, 'path': '/home/addinedu/ros2_study/src/my_first_package_msgs', 'symlink_install': False, 'test_result_base': None}
[0.166s] INFO:colcon.colcon_core.executor:Executing jobs using 'parallel' executor
[0.167s] DEBUG:colcon.colcon_parallel_executor.executor.parallel:run_until_complete
[0.167s] INFO:colcon.colcon_ros.task.ament_cmake.build:Building ROS package in '/home/addinedu/ros2_study/src/my_first_package_msgs' with build type 'ament_cmake'
[0.167s] INFO:colcon.colcon_cmake.task.cmake.build:Building CMake package in '/home/addinedu/ros2_study/src/my_first_package_msgs'
[0.169s] INFO:colcon.colcon_core.plugin_system:Skipping extension 'colcon_core.shell.bat': Not used on non-Windows systems
[0.169s] INFO:colcon.colcon_core.shell:Skip shell extension 'powershell' for command environment: Not usable outside of PowerShell
[0.169s] DEBUG:colcon.colcon_core.shell:Skip shell extension 'dsv' for command environment
[0.174s] DEBUG:colcon.colcon_core.event_handler.log_command:Invoking command in '/home/addinedu/ros2_study/src/my_first_package_msgs/build/my_first_package_msgs': CMAKE_PREFIX_PATH=${CMAKE_PREFIX_PATH}:/home/addinedu/ros2_study/install/my_first_package:/opt/ros/humble /usr/bin/cmake /home/addinedu/ros2_study/src/my_first_package_msgs -DCMAKE_INSTALL_PREFIX=/home/addinedu/ros2_study/src/my_first_package_msgs/install/my_first_package_msgs
[1.339s] DEBUG:colcon.colcon_core.event_handler.log_command:Invoked command in '/home/addinedu/ros2_study/src/my_first_package_msgs/build/my_first_package_msgs' returned '0': CMAKE_PREFIX_PATH=${CMAKE_PREFIX_PATH}:/home/addinedu/ros2_study/install/my_first_package:/opt/ros/humble /usr/bin/cmake /home/addinedu/ros2_study/src/my_first_package_msgs -DCMAKE_INSTALL_PREFIX=/home/addinedu/ros2_study/src/my_first_package_msgs/install/my_first_package_msgs
[1.339s] DEBUG:colcon.colcon_core.event_handler.log_command:Invoking command in '/home/addinedu/ros2_study/src/my_first_package_msgs/build/my_first_package_msgs': CMAKE_PREFIX_PATH=${CMAKE_PREFIX_PATH}:/home/addinedu/ros2_study/install/my_first_package:/opt/ros/humble /usr/bin/cmake --build /home/addinedu/ros2_study/src/my_first_package_msgs/build/my_first_package_msgs -- -j12 -l12
[3.066s] DEBUG:colcon.colcon_core.event_handler.log_command:Invoked command in '/home/addinedu/ros2_study/src/my_first_package_msgs/build/my_first_package_msgs' returned '0': CMAKE_PREFIX_PATH=${CMAKE_PREFIX_PATH}:/home/addinedu/ros2_study/install/my_first_package:/opt/ros/humble /usr/bin/cmake --build /home/addinedu/ros2_study/src/my_first_package_msgs/build/my_first_package_msgs -- -j12 -l12
[3.119s] DEBUG:colcon.colcon_core.event_handler.log_command:Invoking command in '/home/addinedu/ros2_study/src/my_first_package_msgs/build/my_first_package_msgs': CMAKE_PREFIX_PATH=${CMAKE_PREFIX_PATH}:/home/addinedu/ros2_study/install/my_first_package:/opt/ros/humble /usr/bin/cmake --install /home/addinedu/ros2_study/src/my_first_package_msgs/build/my_first_package_msgs
[3.168s] Level 1:colcon.colcon_core.environment:create_environment_scripts_only(my_first_package_msgs)
[3.168s] DEBUG:colcon.colcon_core.event_handler.log_command:Invoked command in '/home/addinedu/ros2_study/src/my_first_package_msgs/build/my_first_package_msgs' returned '0': CMAKE_PREFIX_PATH=${CMAKE_PREFIX_PATH}:/home/addinedu/ros2_study/install/my_first_package:/opt/ros/humble /usr/bin/cmake --install /home/addinedu/ros2_study/src/my_first_package_msgs/build/my_first_package_msgs
[3.170s] Level 1:colcon.colcon_core.environment:checking '/home/addinedu/ros2_study/src/my_first_package_msgs/install/my_first_package_msgs' for CMake module files
[3.170s] Level 1:colcon.colcon_core.environment:checking '/home/addinedu/ros2_study/src/my_first_package_msgs/install/my_first_package_msgs' for CMake config files
[3.171s] Level 1:colcon.colcon_core.shell:create_environment_hook('my_first_package_msgs', 'cmake_prefix_path')
[3.171s] INFO:colcon.colcon_core.shell:Creating environment hook '/home/addinedu/ros2_study/src/my_first_package_msgs/install/my_first_package_msgs/share/my_first_package_msgs/hook/cmake_prefix_path.ps1'
[3.171s] INFO:colcon.colcon_core.shell:Creating environment descriptor '/home/addinedu/ros2_study/src/my_first_package_msgs/install/my_first_package_msgs/share/my_first_package_msgs/hook/cmake_prefix_path.dsv'
[3.172s] INFO:colcon.colcon_core.shell:Creating environment hook '/home/addinedu/ros2_study/src/my_first_package_msgs/install/my_first_package_msgs/share/my_first_package_msgs/hook/cmake_prefix_path.sh'
[3.172s] Level 1:colcon.colcon_core.environment:checking '/home/addinedu/ros2_study/src/my_first_package_msgs/install/my_first_package_msgs/lib'
[3.172s] Level 1:colcon.colcon_core.shell:create_environment_hook('my_first_package_msgs', 'ld_library_path_lib')
[3.172s] INFO:colcon.colcon_core.shell:Creating environment hook '/home/addinedu/ros2_study/src/my_first_package_msgs/install/my_first_package_msgs/share/my_first_package_msgs/hook/ld_library_path_lib.ps1'
[3.173s] INFO:colcon.colcon_core.shell:Creating environment descriptor '/home/addinedu/ros2_study/src/my_first_package_msgs/install/my_first_package_msgs/share/my_first_package_msgs/hook/ld_library_path_lib.dsv'
[3.173s] INFO:colcon.colcon_core.shell:Creating environment hook '/home/addinedu/ros2_study/src/my_first_package_msgs/install/my_first_package_msgs/share/my_first_package_msgs/hook/ld_library_path_lib.sh'
[3.173s] Level 1:colcon.colcon_core.environment:checking '/home/addinedu/ros2_study/src/my_first_package_msgs/install/my_first_package_msgs/bin'
[3.173s] Level 1:colcon.colcon_core.environment:checking '/home/addinedu/ros2_study/src/my_first_package_msgs/install/my_first_package_msgs/lib/pkgconfig/my_first_package_msgs.pc'
[3.173s] Level 1:colcon.colcon_core.environment:checking '/home/addinedu/ros2_study/src/my_first_package_msgs/install/my_first_package_msgs/lib/python3.10/site-packages'
[3.173s] Level 1:colcon.colcon_core.environment:checking '/home/addinedu/ros2_study/src/my_first_package_msgs/install/my_first_package_msgs/bin'
[3.174s] INFO:colcon.colcon_core.shell:Creating package script '/home/addinedu/ros2_study/src/my_first_package_msgs/install/my_first_package_msgs/share/my_first_package_msgs/package.ps1'
[3.174s] INFO:colcon.colcon_core.shell:Creating package descriptor '/home/addinedu/ros2_study/src/my_first_package_msgs/install/my_first_package_msgs/share/my_first_package_msgs/package.dsv'
[3.175s] INFO:colcon.colcon_core.shell:Creating package script '/home/addinedu/ros2_study/src/my_first_package_msgs/install/my_first_package_msgs/share/my_first_package_msgs/package.sh'
[3.175s] INFO:colcon.colcon_core.shell:Creating package script '/home/addinedu/ros2_study/src/my_first_package_msgs/install/my_first_package_msgs/share/my_first_package_msgs/package.bash'
[3.175s] INFO:colcon.colcon_core.shell:Creating package script '/home/addinedu/ros2_study/src/my_first_package_msgs/install/my_first_package_msgs/share/my_first_package_msgs/package.zsh'
[3.176s] Level 1:colcon.colcon_core.environment:create_file_with_runtime_dependencies(/home/addinedu/ros2_study/src/my_first_package_msgs/install/my_first_package_msgs/share/colcon-core/packages/my_first_package_msgs)
[3.224s] Level 1:colcon.colcon_core.environment:create_environment_scripts_only(my_first_package_msgs)
[3.224s] Level 1:colcon.colcon_core.environment:checking '/home/addinedu/ros2_study/src/my_first_package_msgs/install/my_first_package_msgs' for CMake module files
[3.224s] Level 1:colcon.colcon_core.environment:checking '/home/addinedu/ros2_study/src/my_first_package_msgs/install/my_first_package_msgs' for CMake config files
[3.225s] Level 1:colcon.colcon_core.shell:create_environment_hook('my_first_package_msgs', 'cmake_prefix_path')
[3.225s] INFO:colcon.colcon_core.shell:Creating environment hook '/home/addinedu/ros2_study/src/my_first_package_msgs/install/my_first_package_msgs/share/my_first_package_msgs/hook/cmake_prefix_path.ps1'
[3.225s] INFO:colcon.colcon_core.shell:Creating environment descriptor '/home/addinedu/ros2_study/src/my_first_package_msgs/install/my_first_package_msgs/share/my_first_package_msgs/hook/cmake_prefix_path.dsv'
[3.225s] INFO:colcon.colcon_core.shell:Creating environment hook '/home/addinedu/ros2_study/src/my_first_package_msgs/install/my_first_package_msgs/share/my_first_package_msgs/hook/cmake_prefix_path.sh'
[3.226s] Level 1:colcon.colcon_core.environment:checking '/home/addinedu/ros2_study/src/my_first_package_msgs/install/my_first_package_msgs/lib'
[3.226s] Level 1:colcon.colcon_core.shell:create_environment_hook('my_first_package_msgs', 'ld_library_path_lib')
[3.226s] INFO:colcon.colcon_core.shell:Creating environment hook '/home/addinedu/ros2_study/src/my_first_package_msgs/install/my_first_package_msgs/share/my_first_package_msgs/hook/ld_library_path_lib.ps1'
[3.226s] INFO:colcon.colcon_core.shell:Creating environment descriptor '/home/addinedu/ros2_study/src/my_first_package_msgs/install/my_first_package_msgs/share/my_first_package_msgs/hook/ld_library_path_lib.dsv'
[3.226s] INFO:colcon.colcon_core.shell:Creating environment hook '/home/addinedu/ros2_study/src/my_first_package_msgs/install/my_first_package_msgs/share/my_first_package_msgs/hook/ld_library_path_lib.sh'
[3.227s] Level 1:colcon.colcon_core.environment:checking '/home/addinedu/ros2_study/src/my_first_package_msgs/install/my_first_package_msgs/bin'
[3.227s] Level 1:colcon.colcon_core.environment:checking '/home/addinedu/ros2_study/src/my_first_package_msgs/install/my_first_package_msgs/lib/pkgconfig/my_first_package_msgs.pc'
[3.227s] Level 1:colcon.colcon_core.environment:checking '/home/addinedu/ros2_study/src/my_first_package_msgs/install/my_first_package_msgs/lib/python3.10/site-packages'
[3.227s] Level 1:colcon.colcon_core.environment:checking '/home/addinedu/ros2_study/src/my_first_package_msgs/install/my_first_package_msgs/bin'
[3.227s] INFO:colcon.colcon_core.shell:Creating package script '/home/addinedu/ros2_study/src/my_first_package_msgs/install/my_first_package_msgs/share/my_first_package_msgs/package.ps1'
[3.228s] INFO:colcon.colcon_core.shell:Creating package descriptor '/home/addinedu/ros2_study/src/my_first_package_msgs/install/my_first_package_msgs/share/my_first_package_msgs/package.dsv'
[3.228s] INFO:colcon.colcon_core.shell:Creating package script '/home/addinedu/ros2_study/src/my_first_package_msgs/install/my_first_package_msgs/share/my_first_package_msgs/package.sh'
[3.228s] INFO:colcon.colcon_core.shell:Creating package script '/home/addinedu/ros2_study/src/my_first_package_msgs/install/my_first_package_msgs/share/my_first_package_msgs/package.bash'
[3.229s] INFO:colcon.colcon_core.shell:Creating package script '/home/addinedu/ros2_study/src/my_first_package_msgs/install/my_first_package_msgs/share/my_first_package_msgs/package.zsh'
[3.229s] Level 1:colcon.colcon_core.environment:create_file_with_runtime_dependencies(/home/addinedu/ros2_study/src/my_first_package_msgs/install/my_first_package_msgs/share/colcon-core/packages/my_first_package_msgs)
[3.229s] DEBUG:colcon.colcon_parallel_executor.executor.parallel:closing loop
[3.229s] DEBUG:colcon.colcon_parallel_executor.executor.parallel:loop closed
[3.229s] DEBUG:colcon.colcon_parallel_executor.executor.parallel:run_until_complete finished with '0'
[3.229s] DEBUG:colcon.colcon_core.event_reactor:joining thread
[3.233s] INFO:colcon.colcon_core.plugin_system:Skipping extension 'colcon_notification.desktop_notification.terminal_notifier': Not used on non-Darwin systems
[3.233s] INFO:colcon.colcon_core.plugin_system:Skipping extension 'colcon_notification.desktop_notification.win32': Not used on non-Windows systems
[3.233s] INFO:colcon.colcon_notification.desktop_notification:Sending desktop notification using 'notify2'
[3.241s] DEBUG:colcon.colcon_core.event_reactor:joined thread
[3.242s] INFO:colcon.colcon_core.shell:Creating prefix script '/home/addinedu/ros2_study/src/my_first_package_msgs/install/local_setup.ps1'
[3.242s] INFO:colcon.colcon_core.shell:Creating prefix util module '/home/addinedu/ros2_study/src/my_first_package_msgs/install/_local_setup_util_ps1.py'
[3.243s] INFO:colcon.colcon_core.shell:Creating prefix chain script '/home/addinedu/ros2_study/src/my_first_package_msgs/install/setup.ps1'
[3.244s] INFO:colcon.colcon_core.shell:Creating prefix script '/home/addinedu/ros2_study/src/my_first_package_msgs/install/local_setup.sh'
[3.244s] INFO:colcon.colcon_core.shell:Creating prefix util module '/home/addinedu/ros2_study/src/my_first_package_msgs/install/_local_setup_util_sh.py'
[3.245s] INFO:colcon.colcon_core.shell:Creating prefix chain script '/home/addinedu/ros2_study/src/my_first_package_msgs/install/setup.sh'
[3.245s] INFO:colcon.colcon_core.shell:Creating prefix script '/home/addinedu/ros2_study/src/my_first_package_msgs/install/local_setup.bash'
[3.246s] INFO:colcon.colcon_core.shell:Creating prefix chain script '/home/addinedu/ros2_study/src/my_first_package_msgs/install/setup.bash'
[3.246s] INFO:colcon.colcon_core.shell:Creating prefix script '/home/addinedu/ros2_study/src/my_first_package_msgs/install/local_setup.zsh'
[3.247s] INFO:colcon.colcon_core.shell:Creating prefix chain script '/home/addinedu/ros2_study/src/my_first_package_msgs/install/setup.zsh'
