-- The C compiler identification is GNU 11.4.0
-- The CXX compiler identification is GNU 11.4.0
-- Detecting C compiler ABI info
-- Detecting C compiler ABI info - done
-- Check for working C compiler: /usr/bin/cc - skipped
-- Detecting C compile features
-- Detecting C compile features - done
-- Detecting CXX compiler ABI info
-- Detecting CXX compiler ABI info - done
-- Check for working CXX compiler: /usr/bin/c++ - skipped
-- Detecting CXX compile features
-- Detecting CXX compile features - done
-- Found ament_cmake: 1.3.8 (/opt/ros/humble/share/ament_cmake/cmake)
-- Found Python3: /usr/bin/python3 (found version "3.10.12") found components: Interpreter 
-- Found rosidl_default_generators: 1.2.0 (/opt/ros/humble/share/rosidl_default_generators/cmake)
-- Using all available rosidl_typesupport_c: rosidl_typesupport_fastrtps_c;rosidl_typesupport_introspection_c
-- Found rosidl_adapter: 3.1.5 (/opt/ros/humble/share/rosidl_adapter/cmake)
-- Using all available rosidl_typesupport_cpp: rosidl_typesupport_fastrtps_cpp;rosidl_typesupport_introspection_cpp
-- Found ament_cmake_ros: 0.10.0 (/opt/ros/humble/share/ament_cmake_ros/cmake)
-- Using all available rosidl_typesupport_c: rosidl_typesupport_fastrtps_c;rosidl_typesupport_introspection_c
-- Using all available rosidl_typesupport_cpp: rosidl_typesupport_fastrtps_cpp;rosidl_typesupport_introspection_cpp
-- Found PythonInterp: /usr/bin/python3 (found suitable version "3.10.12", minimum required is "3.6") 
-- Found python_cmake_module: 0.10.0 (/opt/ros/humble/share/python_cmake_module/cmake)
-- Found PythonLibs: /usr/lib/x86_64-linux-gnu/libpython3.10.so (found suitable version "3.10.12", minimum required is "3.5") 
-- Using PYTHON_EXECUTABLE: /usr/bin/python3
-- Using PYTHON_INCLUDE_DIRS: /usr/include/python3.10
-- Using PYTHON_LIBRARIES: /usr/lib/x86_64-linux-gnu/libpython3.10.so
-- Found PythonExtra: .so  
-- Found ament_lint_auto: 0.12.10 (/opt/ros/humble/share/ament_lint_auto/cmake)
-- Added test 'cppcheck' to perform static code analysis on C / C++ code
-- Configured cppcheck include dirs: $<BUILD_INTERFACE:/home/addinedu/ros2_study/src/my_first_package_msgs/build/my_first_package_msgs/rosidl_generator_c>;$<BUILD_INTERFACE:/home/addinedu/ros2_study/src/my_first_package_msgs/build/my_first_package_msgs/rosidl_typesupport_fastrtps_c>;$<BUILD_INTERFACE:/home/addinedu/ros2_study/src/my_first_package_msgs/build/my_first_package_msgs/rosidl_typesupport_introspection_c>;$<BUILD_INTERFACE:/home/addinedu/ros2_study/src/my_first_package_msgs/build/my_first_package_msgs/rosidl_generator_cpp>;$<BUILD_INTERFACE:/home/addinedu/ros2_study/src/my_first_package_msgs/build/my_first_package_msgs/rosidl_typesupport_fastrtps_cpp>;$<BUILD_INTERFACE:/home/addinedu/ros2_study/src/my_first_package_msgs/build/my_first_package_msgs/rosidl_typesupport_introspection_cpp>;/home/addinedu/ros2_study/src/my_first_package_msgs/build/my_first_package_msgs/rosidl_generator_c;/home/addinedu/ros2_study/src/my_first_package_msgs/build/my_first_package_msgs/rosidl_generator_py
-- Configured cppcheck exclude dirs and/or files: 
-- Added test 'flake8' to check Python code syntax and style conventions
-- Added test 'lint_cmake' to check CMake code style
-- Added test 'pep257' to check Python code against some of the docstring style conventions in PEP 257
-- Added test 'uncrustify' to check C / C++ code style
-- Configured uncrustify additional arguments: 
-- Added test 'xmllint' to check XML markup files
-- Configuring done
-- Generating done
-- Build files have been written to: /home/addinedu/ros2_study/src/my_first_package_msgs/build/my_first_package_msgs
[  2%] [34m[1mGenerating C code for ROS interfaces[0m
[  5%] [34m[1mGenerating C++ code for ROS interfaces[0m
[  5%] Built target ament_cmake_python_copy_my_first_package_msgs
running egg_info
creating my_first_package_msgs.egg-info
writing my_first_package_msgs.egg-info/PKG-INFO
writing dependency_links to my_first_package_msgs.egg-info/dependency_links.txt
writing top-level names to my_first_package_msgs.egg-info/top_level.txt
writing manifest file 'my_first_package_msgs.egg-info/SOURCES.txt'
reading manifest file 'my_first_package_msgs.egg-info/SOURCES.txt'
writing manifest file 'my_first_package_msgs.egg-info/SOURCES.txt'
[  5%] Built target my_first_package_msgs__cpp
[ 17%] [32mBuilding C object CMakeFiles/my_first_package_msgs__rosidl_generator_c.dir/rosidl_generator_c/my_first_package_msgs/srv/detail/multi_spawn__functions.c.o[0m
[ 17%] [34m[1mGenerating C++ introspection for ROS interfaces[0m
[ 17%] [34m[1mGenerating C++ type support dispatch for ROS interfaces[0m
[ 17%] [32mBuilding C object CMakeFiles/my_first_package_msgs__rosidl_generator_c.dir/rosidl_generator_c/my_first_package_msgs/msg/detail/cmd_and_pose_vel__functions.c.o[0m
[ 17%] [34m[1mGenerating C++ type support for eProsima Fast-RTPS[0m
[ 17%] Built target ament_cmake_python_build_my_first_package_msgs_egg
[ 20%] [32m[1mLinking C shared library libmy_first_package_msgs__rosidl_generator_c.so[0m
[ 20%] Built target my_first_package_msgs__rosidl_generator_c
[ 28%] [34m[1mGenerating C type support for eProsima Fast-RTPS[0m
[ 28%] [34m[1mGenerating C introspection for ROS interfaces[0m
[ 28%] [34m[1mGenerating C type support dispatch for ROS interfaces[0m
[ 30%] [32mBuilding CXX object CMakeFiles/my_first_package_msgs__rosidl_typesupport_cpp.dir/rosidl_typesupport_cpp/my_first_package_msgs/msg/cmd_and_pose_vel__type_support.cpp.o[0m
[ 33%] [32mBuilding CXX object CMakeFiles/my_first_package_msgs__rosidl_typesupport_cpp.dir/rosidl_typesupport_cpp/my_first_package_msgs/srv/multi_spawn__type_support.cpp.o[0m
[ 35%] [32mBuilding CXX object CMakeFiles/my_first_package_msgs__rosidl_typesupport_introspection_cpp.dir/rosidl_typesupport_introspection_cpp/my_first_package_msgs/msg/detail/cmd_and_pose_vel__type_support.cpp.o[0m
[ 38%] [32mBuilding CXX object CMakeFiles/my_first_package_msgs__rosidl_typesupport_introspection_cpp.dir/rosidl_typesupport_introspection_cpp/my_first_package_msgs/srv/detail/multi_spawn__type_support.cpp.o[0m
[ 43%] [32mBuilding CXX object CMakeFiles/my_first_package_msgs__rosidl_typesupport_fastrtps_cpp.dir/rosidl_typesupport_fastrtps_cpp/my_first_package_msgs/msg/detail/dds_fastrtps/cmd_and_pose_vel__type_support.cpp.o[0m
[ 43%] [32mBuilding CXX object CMakeFiles/my_first_package_msgs__rosidl_typesupport_fastrtps_cpp.dir/rosidl_typesupport_fastrtps_cpp/my_first_package_msgs/srv/detail/dds_fastrtps/multi_spawn__type_support.cpp.o[0m
[ 48%] [32mBuilding CXX object CMakeFiles/my_first_package_msgs__rosidl_typesupport_c.dir/rosidl_typesupport_c/my_first_package_msgs/msg/cmd_and_pose_vel__type_support.cpp.o[0m
[ 48%] [32mBuilding CXX object CMakeFiles/my_first_package_msgs__rosidl_typesupport_c.dir/rosidl_typesupport_c/my_first_package_msgs/srv/multi_spawn__type_support.cpp.o[0m
[ 51%] [32m[1mLinking CXX shared library libmy_first_package_msgs__rosidl_typesupport_c.so[0m
[ 56%] [32mBuilding C object CMakeFiles/my_first_package_msgs__rosidl_typesupport_introspection_c.dir/rosidl_typesupport_introspection_c/my_first_package_msgs/msg/detail/cmd_and_pose_vel__type_support.c.o[0m
[ 56%] [32mBuilding C object CMakeFiles/my_first_package_msgs__rosidl_typesupport_introspection_c.dir/rosidl_typesupport_introspection_c/my_first_package_msgs/srv/detail/multi_spawn__type_support.c.o[0m
[ 61%] [32mBuilding CXX object CMakeFiles/my_first_package_msgs__rosidl_typesupport_fastrtps_c.dir/rosidl_typesupport_fastrtps_c/my_first_package_msgs/msg/detail/cmd_and_pose_vel__type_support_c.cpp.o[0m
[ 61%] [32mBuilding CXX object CMakeFiles/my_first_package_msgs__rosidl_typesupport_fastrtps_c.dir/rosidl_typesupport_fastrtps_c/my_first_package_msgs/srv/detail/multi_spawn__type_support_c.cpp.o[0m
[ 64%] [32m[1mLinking C shared library libmy_first_package_msgs__rosidl_typesupport_introspection_c.so[0m
[ 64%] Built target my_first_package_msgs__rosidl_typesupport_c
[ 64%] Built target my_first_package_msgs__rosidl_typesupport_introspection_c
[ 66%] [32m[1mLinking CXX shared library libmy_first_package_msgs__rosidl_typesupport_cpp.so[0m
[ 66%] Built target my_first_package_msgs__rosidl_typesupport_cpp
[ 69%] [32m[1mLinking CXX shared library libmy_first_package_msgs__rosidl_typesupport_introspection_cpp.so[0m
[ 71%] [32m[1mLinking CXX shared library libmy_first_package_msgs__rosidl_typesupport_fastrtps_c.so[0m
[ 71%] Built target my_first_package_msgs__rosidl_typesupport_introspection_cpp
[ 71%] Built target my_first_package_msgs__rosidl_typesupport_fastrtps_c
[ 74%] [32m[1mLinking CXX shared library libmy_first_package_msgs__rosidl_typesupport_fastrtps_cpp.so[0m
[ 74%] Built target my_first_package_msgs__rosidl_typesupport_fastrtps_cpp
[ 74%] Built target my_first_package_msgs
[ 76%] [34m[1mGenerating Python code for ROS interfaces[0m
[ 76%] Built target my_first_package_msgs__py
[ 82%] [32mBuilding C object CMakeFiles/my_first_package_msgs__rosidl_generator_py.dir/rosidl_generator_py/my_first_package_msgs/srv/_multi_spawn_s.c.o[0m
[ 82%] [32mBuilding C object CMakeFiles/my_first_package_msgs__rosidl_generator_py.dir/rosidl_generator_py/my_first_package_msgs/msg/_cmd_and_pose_vel_s.c.o[0m
[ 84%] [32m[1mLinking C shared library rosidl_generator_py/my_first_package_msgs/libmy_first_package_msgs__rosidl_generator_py.so[0m
[ 84%] Built target my_first_package_msgs__rosidl_generator_py
[ 92%] [32mBuilding C object CMakeFiles/my_first_package_msgs__rosidl_typesupport_introspection_c__pyext.dir/rosidl_generator_py/my_first_package_msgs/_my_first_package_msgs_s.ep.rosidl_typesupport_introspection_c.c.o[0m
[ 92%] [32mBuilding C object CMakeFiles/my_first_package_msgs__rosidl_typesupport_fastrtps_c__pyext.dir/rosidl_generator_py/my_first_package_msgs/_my_first_package_msgs_s.ep.rosidl_typesupport_fastrtps_c.c.o[0m
[ 92%] [32mBuilding C object CMakeFiles/my_first_package_msgs__rosidl_typesupport_c__pyext.dir/rosidl_generator_py/my_first_package_msgs/_my_first_package_msgs_s.ep.rosidl_typesupport_c.c.o[0m
[ 97%] [32m[1mLinking C shared library rosidl_generator_py/my_first_package_msgs/my_first_package_msgs_s__rosidl_typesupport_introspection_c.cpython-310-x86_64-linux-gnu.so[0m
[ 97%] [32m[1mLinking C shared library rosidl_generator_py/my_first_package_msgs/my_first_package_msgs_s__rosidl_typesupport_c.cpython-310-x86_64-linux-gnu.so[0m
[100%] [32m[1mLinking C shared library rosidl_generator_py/my_first_package_msgs/my_first_package_msgs_s__rosidl_typesupport_fastrtps_c.cpython-310-x86_64-linux-gnu.so[0m
[100%] Built target my_first_package_msgs__rosidl_typesupport_c__pyext
[100%] Built target my_first_package_msgs__rosidl_typesupport_fastrtps_c__pyext
[100%] Built target my_first_package_msgs__rosidl_typesupport_introspection_c__pyext
-- Install configuration: ""
-- Installing: /home/addinedu/ros2_study/src/my_first_package_msgs/install/my_first_package_msgs/share/ament_index/resource_index/rosidl_interfaces/my_first_package_msgs
-- Installing: /home/addinedu/ros2_study/src/my_first_package_msgs/install/my_first_package_msgs/include/my_first_package_msgs/my_first_package_msgs
-- Installing: /home/addinedu/ros2_study/src/my_first_package_msgs/install/my_first_package_msgs/include/my_first_package_msgs/my_first_package_msgs/msg
-- Installing: /home/addinedu/ros2_study/src/my_first_package_msgs/install/my_first_package_msgs/include/my_first_package_msgs/my_first_package_msgs/msg/detail
-- Installing: /home/addinedu/ros2_study/src/my_first_package_msgs/install/my_first_package_msgs/include/my_first_package_msgs/my_first_package_msgs/msg/detail/cmd_and_pose_vel__struct.h
-- Installing: /home/addinedu/ros2_study/src/my_first_package_msgs/install/my_first_package_msgs/include/my_first_package_msgs/my_first_package_msgs/msg/detail/cmd_and_pose_vel__functions.h
-- Installing: /home/addinedu/ros2_study/src/my_first_package_msgs/install/my_first_package_msgs/include/my_first_package_msgs/my_first_package_msgs/msg/detail/cmd_and_pose_vel__type_support.h
-- Installing: /home/addinedu/ros2_study/src/my_first_package_msgs/install/my_first_package_msgs/include/my_first_package_msgs/my_first_package_msgs/msg/detail/cmd_and_pose_vel__functions.c
-- Installing: /home/addinedu/ros2_study/src/my_first_package_msgs/install/my_first_package_msgs/include/my_first_package_msgs/my_first_package_msgs/msg/cmd_and_pose_vel.h
-- Installing: /home/addinedu/ros2_study/src/my_first_package_msgs/install/my_first_package_msgs/include/my_first_package_msgs/my_first_package_msgs/msg/rosidl_generator_c__visibility_control.h
-- Installing: /home/addinedu/ros2_study/src/my_first_package_msgs/install/my_first_package_msgs/include/my_first_package_msgs/my_first_package_msgs/srv
-- Installing: /home/addinedu/ros2_study/src/my_first_package_msgs/install/my_first_package_msgs/include/my_first_package_msgs/my_first_package_msgs/srv/multi_spawn.h
-- Installing: /home/addinedu/ros2_study/src/my_first_package_msgs/install/my_first_package_msgs/include/my_first_package_msgs/my_first_package_msgs/srv/detail
-- Installing: /home/addinedu/ros2_study/src/my_first_package_msgs/install/my_first_package_msgs/include/my_first_package_msgs/my_first_package_msgs/srv/detail/multi_spawn__type_support.h
-- Installing: /home/addinedu/ros2_study/src/my_first_package_msgs/install/my_first_package_msgs/include/my_first_package_msgs/my_first_package_msgs/srv/detail/multi_spawn__functions.h
-- Installing: /home/addinedu/ros2_study/src/my_first_package_msgs/install/my_first_package_msgs/include/my_first_package_msgs/my_first_package_msgs/srv/detail/multi_spawn__struct.h
-- Installing: /home/addinedu/ros2_study/src/my_first_package_msgs/install/my_first_package_msgs/include/my_first_package_msgs/my_first_package_msgs/srv/detail/multi_spawn__functions.c
-- Installing: /home/addinedu/ros2_study/src/my_first_package_msgs/install/my_first_package_msgs/share/my_first_package_msgs/environment/library_path.sh
-- Installing: /home/addinedu/ros2_study/src/my_first_package_msgs/install/my_first_package_msgs/share/my_first_package_msgs/environment/library_path.dsv
-- Installing: /home/addinedu/ros2_study/src/my_first_package_msgs/install/my_first_package_msgs/lib/libmy_first_package_msgs__rosidl_generator_c.so
-- Set runtime path of "/home/addinedu/ros2_study/src/my_first_package_msgs/install/my_first_package_msgs/lib/libmy_first_package_msgs__rosidl_generator_c.so" to ""
-- Up-to-date: /home/addinedu/ros2_study/src/my_first_package_msgs/install/my_first_package_msgs/include/my_first_package_msgs/my_first_package_msgs
-- Up-to-date: /home/addinedu/ros2_study/src/my_first_package_msgs/install/my_first_package_msgs/include/my_first_package_msgs/my_first_package_msgs/msg
-- Up-to-date: /home/addinedu/ros2_study/src/my_first_package_msgs/install/my_first_package_msgs/include/my_first_package_msgs/my_first_package_msgs/msg/detail
-- Installing: /home/addinedu/ros2_study/src/my_first_package_msgs/install/my_first_package_msgs/include/my_first_package_msgs/my_first_package_msgs/msg/detail/cmd_and_pose_vel__rosidl_typesupport_fastrtps_c.h
-- Installing: /home/addinedu/ros2_study/src/my_first_package_msgs/install/my_first_package_msgs/include/my_first_package_msgs/my_first_package_msgs/msg/rosidl_typesupport_fastrtps_c__visibility_control.h
-- Up-to-date: /home/addinedu/ros2_study/src/my_first_package_msgs/install/my_first_package_msgs/include/my_first_package_msgs/my_first_package_msgs/srv
-- Up-to-date: /home/addinedu/ros2_study/src/my_first_package_msgs/install/my_first_package_msgs/include/my_first_package_msgs/my_first_package_msgs/srv/detail
-- Installing: /home/addinedu/ros2_study/src/my_first_package_msgs/install/my_first_package_msgs/include/my_first_package_msgs/my_first_package_msgs/srv/detail/multi_spawn__rosidl_typesupport_fastrtps_c.h
-- Installing: /home/addinedu/ros2_study/src/my_first_package_msgs/install/my_first_package_msgs/lib/libmy_first_package_msgs__rosidl_typesupport_fastrtps_c.so
-- Set runtime path of "/home/addinedu/ros2_study/src/my_first_package_msgs/install/my_first_package_msgs/lib/libmy_first_package_msgs__rosidl_typesupport_fastrtps_c.so" to ""
-- Up-to-date: /home/addinedu/ros2_study/src/my_first_package_msgs/install/my_first_package_msgs/include/my_first_package_msgs/my_first_package_msgs
-- Up-to-date: /home/addinedu/ros2_study/src/my_first_package_msgs/install/my_first_package_msgs/include/my_first_package_msgs/my_first_package_msgs/msg
-- Installing: /home/addinedu/ros2_study/src/my_first_package_msgs/install/my_first_package_msgs/include/my_first_package_msgs/my_first_package_msgs/msg/rosidl_typesupport_introspection_c__visibility_control.h
-- Up-to-date: /home/addinedu/ros2_study/src/my_first_package_msgs/install/my_first_package_msgs/include/my_first_package_msgs/my_first_package_msgs/msg/detail
-- Installing: /home/addinedu/ros2_study/src/my_first_package_msgs/install/my_first_package_msgs/include/my_first_package_msgs/my_first_package_msgs/msg/detail/cmd_and_pose_vel__type_support.c
-- Installing: /home/addinedu/ros2_study/src/my_first_package_msgs/install/my_first_package_msgs/include/my_first_package_msgs/my_first_package_msgs/msg/detail/cmd_and_pose_vel__rosidl_typesupport_introspection_c.h
-- Up-to-date: /home/addinedu/ros2_study/src/my_first_package_msgs/install/my_first_package_msgs/include/my_first_package_msgs/my_first_package_msgs/srv
-- Up-to-date: /home/addinedu/ros2_study/src/my_first_package_msgs/install/my_first_package_msgs/include/my_first_package_msgs/my_first_package_msgs/srv/detail
-- Installing: /home/addinedu/ros2_study/src/my_first_package_msgs/install/my_first_package_msgs/include/my_first_package_msgs/my_first_package_msgs/srv/detail/multi_spawn__rosidl_typesupport_introspection_c.h
-- Installing: /home/addinedu/ros2_study/src/my_first_package_msgs/install/my_first_package_msgs/include/my_first_package_msgs/my_first_package_msgs/srv/detail/multi_spawn__type_support.c
-- Installing: /home/addinedu/ros2_study/src/my_first_package_msgs/install/my_first_package_msgs/lib/libmy_first_package_msgs__rosidl_typesupport_introspection_c.so
-- Set runtime path of "/home/addinedu/ros2_study/src/my_first_package_msgs/install/my_first_package_msgs/lib/libmy_first_package_msgs__rosidl_typesupport_introspection_c.so" to ""
-- Installing: /home/addinedu/ros2_study/src/my_first_package_msgs/install/my_first_package_msgs/lib/libmy_first_package_msgs__rosidl_typesupport_c.so
-- Set runtime path of "/home/addinedu/ros2_study/src/my_first_package_msgs/install/my_first_package_msgs/lib/libmy_first_package_msgs__rosidl_typesupport_c.so" to ""
-- Up-to-date: /home/addinedu/ros2_study/src/my_first_package_msgs/install/my_first_package_msgs/include/my_first_package_msgs/my_first_package_msgs
-- Up-to-date: /home/addinedu/ros2_study/src/my_first_package_msgs/install/my_first_package_msgs/include/my_first_package_msgs/my_first_package_msgs/msg
-- Installing: /home/addinedu/ros2_study/src/my_first_package_msgs/install/my_first_package_msgs/include/my_first_package_msgs/my_first_package_msgs/msg/cmd_and_pose_vel.hpp
-- Up-to-date: /home/addinedu/ros2_study/src/my_first_package_msgs/install/my_first_package_msgs/include/my_first_package_msgs/my_first_package_msgs/msg/detail
-- Installing: /home/addinedu/ros2_study/src/my_first_package_msgs/install/my_first_package_msgs/include/my_first_package_msgs/my_first_package_msgs/msg/detail/cmd_and_pose_vel__traits.hpp
-- Installing: /home/addinedu/ros2_study/src/my_first_package_msgs/install/my_first_package_msgs/include/my_first_package_msgs/my_first_package_msgs/msg/detail/cmd_and_pose_vel__builder.hpp
-- Installing: /home/addinedu/ros2_study/src/my_first_package_msgs/install/my_first_package_msgs/include/my_first_package_msgs/my_first_package_msgs/msg/detail/cmd_and_pose_vel__struct.hpp
-- Up-to-date: /home/addinedu/ros2_study/src/my_first_package_msgs/install/my_first_package_msgs/include/my_first_package_msgs/my_first_package_msgs/srv
-- Installing: /home/addinedu/ros2_study/src/my_first_package_msgs/install/my_first_package_msgs/include/my_first_package_msgs/my_first_package_msgs/srv/multi_spawn.hpp
-- Up-to-date: /home/addinedu/ros2_study/src/my_first_package_msgs/install/my_first_package_msgs/include/my_first_package_msgs/my_first_package_msgs/srv/detail
-- Installing: /home/addinedu/ros2_study/src/my_first_package_msgs/install/my_first_package_msgs/include/my_first_package_msgs/my_first_package_msgs/srv/detail/multi_spawn__struct.hpp
-- Installing: /home/addinedu/ros2_study/src/my_first_package_msgs/install/my_first_package_msgs/include/my_first_package_msgs/my_first_package_msgs/srv/detail/multi_spawn__builder.hpp
-- Installing: /home/addinedu/ros2_study/src/my_first_package_msgs/install/my_first_package_msgs/include/my_first_package_msgs/my_first_package_msgs/srv/detail/multi_spawn__traits.hpp
-- Up-to-date: /home/addinedu/ros2_study/src/my_first_package_msgs/install/my_first_package_msgs/include/my_first_package_msgs/my_first_package_msgs
-- Up-to-date: /home/addinedu/ros2_study/src/my_first_package_msgs/install/my_first_package_msgs/include/my_first_package_msgs/my_first_package_msgs/msg
-- Installing: /home/addinedu/ros2_study/src/my_first_package_msgs/install/my_first_package_msgs/include/my_first_package_msgs/my_first_package_msgs/msg/rosidl_typesupport_fastrtps_cpp__visibility_control.h
-- Up-to-date: /home/addinedu/ros2_study/src/my_first_package_msgs/install/my_first_package_msgs/include/my_first_package_msgs/my_first_package_msgs/msg/detail
-- Installing: /home/addinedu/ros2_study/src/my_first_package_msgs/install/my_first_package_msgs/include/my_first_package_msgs/my_first_package_msgs/msg/detail/dds_fastrtps
-- Installing: /home/addinedu/ros2_study/src/my_first_package_msgs/install/my_first_package_msgs/include/my_first_package_msgs/my_first_package_msgs/msg/detail/cmd_and_pose_vel__rosidl_typesupport_fastrtps_cpp.hpp
-- Up-to-date: /home/addinedu/ros2_study/src/my_first_package_msgs/install/my_first_package_msgs/include/my_first_package_msgs/my_first_package_msgs/srv
-- Up-to-date: /home/addinedu/ros2_study/src/my_first_package_msgs/install/my_first_package_msgs/include/my_first_package_msgs/my_first_package_msgs/srv/detail
-- Installing: /home/addinedu/ros2_study/src/my_first_package_msgs/install/my_first_package_msgs/include/my_first_package_msgs/my_first_package_msgs/srv/detail/multi_spawn__rosidl_typesupport_fastrtps_cpp.hpp
-- Installing: /home/addinedu/ros2_study/src/my_first_package_msgs/install/my_first_package_msgs/include/my_first_package_msgs/my_first_package_msgs/srv/detail/dds_fastrtps
-- Installing: /home/addinedu/ros2_study/src/my_first_package_msgs/install/my_first_package_msgs/lib/libmy_first_package_msgs__rosidl_typesupport_fastrtps_cpp.so
-- Set runtime path of "/home/addinedu/ros2_study/src/my_first_package_msgs/install/my_first_package_msgs/lib/libmy_first_package_msgs__rosidl_typesupport_fastrtps_cpp.so" to ""
-- Up-to-date: /home/addinedu/ros2_study/src/my_first_package_msgs/install/my_first_package_msgs/include/my_first_package_msgs/my_first_package_msgs
-- Up-to-date: /home/addinedu/ros2_study/src/my_first_package_msgs/install/my_first_package_msgs/include/my_first_package_msgs/my_first_package_msgs/msg
-- Up-to-date: /home/addinedu/ros2_study/src/my_first_package_msgs/install/my_first_package_msgs/include/my_first_package_msgs/my_first_package_msgs/msg/detail
-- Installing: /home/addinedu/ros2_study/src/my_first_package_msgs/install/my_first_package_msgs/include/my_first_package_msgs/my_first_package_msgs/msg/detail/cmd_and_pose_vel__type_support.cpp
-- Installing: /home/addinedu/ros2_study/src/my_first_package_msgs/install/my_first_package_msgs/include/my_first_package_msgs/my_first_package_msgs/msg/detail/cmd_and_pose_vel__rosidl_typesupport_introspection_cpp.hpp
-- Up-to-date: /home/addinedu/ros2_study/src/my_first_package_msgs/install/my_first_package_msgs/include/my_first_package_msgs/my_first_package_msgs/srv
-- Up-to-date: /home/addinedu/ros2_study/src/my_first_package_msgs/install/my_first_package_msgs/include/my_first_package_msgs/my_first_package_msgs/srv/detail
-- Installing: /home/addinedu/ros2_study/src/my_first_package_msgs/install/my_first_package_msgs/include/my_first_package_msgs/my_first_package_msgs/srv/detail/multi_spawn__rosidl_typesupport_introspection_cpp.hpp
-- Installing: /home/addinedu/ros2_study/src/my_first_package_msgs/install/my_first_package_msgs/include/my_first_package_msgs/my_first_package_msgs/srv/detail/multi_spawn__type_support.cpp
-- Installing: /home/addinedu/ros2_study/src/my_first_package_msgs/install/my_first_package_msgs/lib/libmy_first_package_msgs__rosidl_typesupport_introspection_cpp.so
-- Set runtime path of "/home/addinedu/ros2_study/src/my_first_package_msgs/install/my_first_package_msgs/lib/libmy_first_package_msgs__rosidl_typesupport_introspection_cpp.so" to ""
-- Installing: /home/addinedu/ros2_study/src/my_first_package_msgs/install/my_first_package_msgs/lib/libmy_first_package_msgs__rosidl_typesupport_cpp.so
-- Set runtime path of "/home/addinedu/ros2_study/src/my_first_package_msgs/install/my_first_package_msgs/lib/libmy_first_package_msgs__rosidl_typesupport_cpp.so" to ""
-- Installing: /home/addinedu/ros2_study/src/my_first_package_msgs/install/my_first_package_msgs/share/my_first_package_msgs/environment/pythonpath.sh
-- Installing: /home/addinedu/ros2_study/src/my_first_package_msgs/install/my_first_package_msgs/share/my_first_package_msgs/environment/pythonpath.dsv
-- Installing: /home/addinedu/ros2_study/src/my_first_package_msgs/install/my_first_package_msgs/local/lib/python3.10/dist-packages/my_first_package_msgs-0.0.0-py3.10.egg-info
-- Installing: /home/addinedu/ros2_study/src/my_first_package_msgs/install/my_first_package_msgs/local/lib/python3.10/dist-packages/my_first_package_msgs-0.0.0-py3.10.egg-info/dependency_links.txt
-- Installing: /home/addinedu/ros2_study/src/my_first_package_msgs/install/my_first_package_msgs/local/lib/python3.10/dist-packages/my_first_package_msgs-0.0.0-py3.10.egg-info/SOURCES.txt
-- Installing: /home/addinedu/ros2_study/src/my_first_package_msgs/install/my_first_package_msgs/local/lib/python3.10/dist-packages/my_first_package_msgs-0.0.0-py3.10.egg-info/top_level.txt
-- Installing: /home/addinedu/ros2_study/src/my_first_package_msgs/install/my_first_package_msgs/local/lib/python3.10/dist-packages/my_first_package_msgs-0.0.0-py3.10.egg-info/PKG-INFO
-- Installing: /home/addinedu/ros2_study/src/my_first_package_msgs/install/my_first_package_msgs/local/lib/python3.10/dist-packages/my_first_package_msgs
-- Installing: /home/addinedu/ros2_study/src/my_first_package_msgs/install/my_first_package_msgs/local/lib/python3.10/dist-packages/my_first_package_msgs/my_first_package_msgs_s__rosidl_typesupport_introspection_c.cpython-310-x86_64-linux-gnu.so
-- Installing: /home/addinedu/ros2_study/src/my_first_package_msgs/install/my_first_package_msgs/local/lib/python3.10/dist-packages/my_first_package_msgs/libmy_first_package_msgs__rosidl_generator_py.so
-- Installing: /home/addinedu/ros2_study/src/my_first_package_msgs/install/my_first_package_msgs/local/lib/python3.10/dist-packages/my_first_package_msgs/_my_first_package_msgs_s.ep.rosidl_typesupport_c.c
-- Installing: /home/addinedu/ros2_study/src/my_first_package_msgs/install/my_first_package_msgs/local/lib/python3.10/dist-packages/my_first_package_msgs/_my_first_package_msgs_s.ep.rosidl_typesupport_fastrtps_c.c
-- Installing: /home/addinedu/ros2_study/src/my_first_package_msgs/install/my_first_package_msgs/local/lib/python3.10/dist-packages/my_first_package_msgs/__init__.py
-- Installing: /home/addinedu/ros2_study/src/my_first_package_msgs/install/my_first_package_msgs/local/lib/python3.10/dist-packages/my_first_package_msgs/msg
-- Installing: /home/addinedu/ros2_study/src/my_first_package_msgs/install/my_first_package_msgs/local/lib/python3.10/dist-packages/my_first_package_msgs/msg/__init__.py
-- Installing: /home/addinedu/ros2_study/src/my_first_package_msgs/install/my_first_package_msgs/local/lib/python3.10/dist-packages/my_first_package_msgs/msg/_cmd_and_pose_vel_s.c
-- Installing: /home/addinedu/ros2_study/src/my_first_package_msgs/install/my_first_package_msgs/local/lib/python3.10/dist-packages/my_first_package_msgs/msg/_cmd_and_pose_vel.py
-- Installing: /home/addinedu/ros2_study/src/my_first_package_msgs/install/my_first_package_msgs/local/lib/python3.10/dist-packages/my_first_package_msgs/srv
-- Installing: /home/addinedu/ros2_study/src/my_first_package_msgs/install/my_first_package_msgs/local/lib/python3.10/dist-packages/my_first_package_msgs/srv/__init__.py
-- Installing: /home/addinedu/ros2_study/src/my_first_package_msgs/install/my_first_package_msgs/local/lib/python3.10/dist-packages/my_first_package_msgs/srv/_multi_spawn.py
-- Installing: /home/addinedu/ros2_study/src/my_first_package_msgs/install/my_first_package_msgs/local/lib/python3.10/dist-packages/my_first_package_msgs/srv/_multi_spawn_s.c
-- Installing: /home/addinedu/ros2_study/src/my_first_package_msgs/install/my_first_package_msgs/local/lib/python3.10/dist-packages/my_first_package_msgs/my_first_package_msgs_s__rosidl_typesupport_fastrtps_c.cpython-310-x86_64-linux-gnu.so
-- Installing: /home/addinedu/ros2_study/src/my_first_package_msgs/install/my_first_package_msgs/local/lib/python3.10/dist-packages/my_first_package_msgs/_my_first_package_msgs_s.ep.rosidl_typesupport_introspection_c.c
-- Installing: /home/addinedu/ros2_study/src/my_first_package_msgs/install/my_first_package_msgs/local/lib/python3.10/dist-packages/my_first_package_msgs/my_first_package_msgs_s__rosidl_typesupport_c.cpython-310-x86_64-linux-gnu.so
Listing '/home/addinedu/ros2_study/src/my_first_package_msgs/install/my_first_package_msgs/local/lib/python3.10/dist-packages/my_first_package_msgs'...
Compiling '/home/addinedu/ros2_study/src/my_first_package_msgs/install/my_first_package_msgs/local/lib/python3.10/dist-packages/my_first_package_msgs/__init__.py'...
Listing '/home/addinedu/ros2_study/src/my_first_package_msgs/install/my_first_package_msgs/local/lib/python3.10/dist-packages/my_first_package_msgs/msg'...
Compiling '/home/addinedu/ros2_study/src/my_first_package_msgs/install/my_first_package_msgs/local/lib/python3.10/dist-packages/my_first_package_msgs/msg/__init__.py'...
Compiling '/home/addinedu/ros2_study/src/my_first_package_msgs/install/my_first_package_msgs/local/lib/python3.10/dist-packages/my_first_package_msgs/msg/_cmd_and_pose_vel.py'...
Listing '/home/addinedu/ros2_study/src/my_first_package_msgs/install/my_first_package_msgs/local/lib/python3.10/dist-packages/my_first_package_msgs/srv'...
Compiling '/home/addinedu/ros2_study/src/my_first_package_msgs/install/my_first_package_msgs/local/lib/python3.10/dist-packages/my_first_package_msgs/srv/__init__.py'...
Compiling '/home/addinedu/ros2_study/src/my_first_package_msgs/install/my_first_package_msgs/local/lib/python3.10/dist-packages/my_first_package_msgs/srv/_multi_spawn.py'...
-- Installing: /home/addinedu/ros2_study/src/my_first_package_msgs/install/my_first_package_msgs/local/lib/python3.10/dist-packages/my_first_package_msgs/my_first_package_msgs_s__rosidl_typesupport_fastrtps_c.cpython-310-x86_64-linux-gnu.so
-- Set runtime path of "/home/addinedu/ros2_study/src/my_first_package_msgs/install/my_first_package_msgs/local/lib/python3.10/dist-packages/my_first_package_msgs/my_first_package_msgs_s__rosidl_typesupport_fastrtps_c.cpython-310-x86_64-linux-gnu.so" to ""
-- Installing: /home/addinedu/ros2_study/src/my_first_package_msgs/install/my_first_package_msgs/local/lib/python3.10/dist-packages/my_first_package_msgs/my_first_package_msgs_s__rosidl_typesupport_introspection_c.cpython-310-x86_64-linux-gnu.so
-- Set runtime path of "/home/addinedu/ros2_study/src/my_first_package_msgs/install/my_first_package_msgs/local/lib/python3.10/dist-packages/my_first_package_msgs/my_first_package_msgs_s__rosidl_typesupport_introspection_c.cpython-310-x86_64-linux-gnu.so" to ""
-- Installing: /home/addinedu/ros2_study/src/my_first_package_msgs/install/my_first_package_msgs/local/lib/python3.10/dist-packages/my_first_package_msgs/my_first_package_msgs_s__rosidl_typesupport_c.cpython-310-x86_64-linux-gnu.so
-- Set runtime path of "/home/addinedu/ros2_study/src/my_first_package_msgs/install/my_first_package_msgs/local/lib/python3.10/dist-packages/my_first_package_msgs/my_first_package_msgs_s__rosidl_typesupport_c.cpython-310-x86_64-linux-gnu.so" to ""
-- Installing: /home/addinedu/ros2_study/src/my_first_package_msgs/install/my_first_package_msgs/lib/libmy_first_package_msgs__rosidl_generator_py.so
-- Set runtime path of "/home/addinedu/ros2_study/src/my_first_package_msgs/install/my_first_package_msgs/lib/libmy_first_package_msgs__rosidl_generator_py.so" to ""
-- Installing: /home/addinedu/ros2_study/src/my_first_package_msgs/install/my_first_package_msgs/share/my_first_package_msgs/msg/CmdAndPoseVel.idl
-- Installing: /home/addinedu/ros2_study/src/my_first_package_msgs/install/my_first_package_msgs/share/my_first_package_msgs/srv/MultiSpawn.idl
-- Installing: /home/addinedu/ros2_study/src/my_first_package_msgs/install/my_first_package_msgs/share/my_first_package_msgs/msg/CmdAndPoseVel.msg
-- Installing: /home/addinedu/ros2_study/src/my_first_package_msgs/install/my_first_package_msgs/share/my_first_package_msgs/srv/MultiSpawn.srv
-- Installing: /home/addinedu/ros2_study/src/my_first_package_msgs/install/my_first_package_msgs/share/my_first_package_msgs/srv/MultiSpawn_Request.msg
-- Installing: /home/addinedu/ros2_study/src/my_first_package_msgs/install/my_first_package_msgs/share/my_first_package_msgs/srv/MultiSpawn_Response.msg
-- Installing: /home/addinedu/ros2_study/src/my_first_package_msgs/install/my_first_package_msgs/share/ament_index/resource_index/package_run_dependencies/my_first_package_msgs
-- Installing: /home/addinedu/ros2_study/src/my_first_package_msgs/install/my_first_package_msgs/share/ament_index/resource_index/parent_prefix_path/my_first_package_msgs
-- Installing: /home/addinedu/ros2_study/src/my_first_package_msgs/install/my_first_package_msgs/share/my_first_package_msgs/environment/ament_prefix_path.sh
-- Installing: /home/addinedu/ros2_study/src/my_first_package_msgs/install/my_first_package_msgs/share/my_first_package_msgs/environment/ament_prefix_path.dsv
-- Installing: /home/addinedu/ros2_study/src/my_first_package_msgs/install/my_first_package_msgs/share/my_first_package_msgs/environment/path.sh
-- Installing: /home/addinedu/ros2_study/src/my_first_package_msgs/install/my_first_package_msgs/share/my_first_package_msgs/environment/path.dsv
-- Installing: /home/addinedu/ros2_study/src/my_first_package_msgs/install/my_first_package_msgs/share/my_first_package_msgs/local_setup.bash
-- Installing: /home/addinedu/ros2_study/src/my_first_package_msgs/install/my_first_package_msgs/share/my_first_package_msgs/local_setup.sh
-- Installing: /home/addinedu/ros2_study/src/my_first_package_msgs/install/my_first_package_msgs/share/my_first_package_msgs/local_setup.zsh
-- Installing: /home/addinedu/ros2_study/src/my_first_package_msgs/install/my_first_package_msgs/share/my_first_package_msgs/local_setup.dsv
-- Installing: /home/addinedu/ros2_study/src/my_first_package_msgs/install/my_first_package_msgs/share/my_first_package_msgs/package.dsv
-- Installing: /home/addinedu/ros2_study/src/my_first_package_msgs/install/my_first_package_msgs/share/ament_index/resource_index/packages/my_first_package_msgs
-- Installing: /home/addinedu/ros2_study/src/my_first_package_msgs/install/my_first_package_msgs/share/my_first_package_msgs/cmake/export_my_first_package_msgs__rosidl_generator_cExport.cmake
-- Installing: /home/addinedu/ros2_study/src/my_first_package_msgs/install/my_first_package_msgs/share/my_first_package_msgs/cmake/export_my_first_package_msgs__rosidl_generator_cExport-noconfig.cmake
-- Installing: /home/addinedu/ros2_study/src/my_first_package_msgs/install/my_first_package_msgs/share/my_first_package_msgs/cmake/export_my_first_package_msgs__rosidl_typesupport_fastrtps_cExport.cmake
-- Installing: /home/addinedu/ros2_study/src/my_first_package_msgs/install/my_first_package_msgs/share/my_first_package_msgs/cmake/export_my_first_package_msgs__rosidl_typesupport_fastrtps_cExport-noconfig.cmake
-- Installing: /home/addinedu/ros2_study/src/my_first_package_msgs/install/my_first_package_msgs/share/my_first_package_msgs/cmake/my_first_package_msgs__rosidl_typesupport_introspection_cExport.cmake
-- Installing: /home/addinedu/ros2_study/src/my_first_package_msgs/install/my_first_package_msgs/share/my_first_package_msgs/cmake/my_first_package_msgs__rosidl_typesupport_introspection_cExport-noconfig.cmake
-- Installing: /home/addinedu/ros2_study/src/my_first_package_msgs/install/my_first_package_msgs/share/my_first_package_msgs/cmake/my_first_package_msgs__rosidl_typesupport_cExport.cmake
-- Installing: /home/addinedu/ros2_study/src/my_first_package_msgs/install/my_first_package_msgs/share/my_first_package_msgs/cmake/my_first_package_msgs__rosidl_typesupport_cExport-noconfig.cmake
-- Installing: /home/addinedu/ros2_study/src/my_first_package_msgs/install/my_first_package_msgs/share/my_first_package_msgs/cmake/export_my_first_package_msgs__rosidl_generator_cppExport.cmake
-- Installing: /home/addinedu/ros2_study/src/my_first_package_msgs/install/my_first_package_msgs/share/my_first_package_msgs/cmake/export_my_first_package_msgs__rosidl_typesupport_fastrtps_cppExport.cmake
-- Installing: /home/addinedu/ros2_study/src/my_first_package_msgs/install/my_first_package_msgs/share/my_first_package_msgs/cmake/export_my_first_package_msgs__rosidl_typesupport_fastrtps_cppExport-noconfig.cmake
-- Installing: /home/addinedu/ros2_study/src/my_first_package_msgs/install/my_first_package_msgs/share/my_first_package_msgs/cmake/my_first_package_msgs__rosidl_typesupport_introspection_cppExport.cmake
-- Installing: /home/addinedu/ros2_study/src/my_first_package_msgs/install/my_first_package_msgs/share/my_first_package_msgs/cmake/my_first_package_msgs__rosidl_typesupport_introspection_cppExport-noconfig.cmake
-- Installing: /home/addinedu/ros2_study/src/my_first_package_msgs/install/my_first_package_msgs/share/my_first_package_msgs/cmake/my_first_package_msgs__rosidl_typesupport_cppExport.cmake
-- Installing: /home/addinedu/ros2_study/src/my_first_package_msgs/install/my_first_package_msgs/share/my_first_package_msgs/cmake/my_first_package_msgs__rosidl_typesupport_cppExport-noconfig.cmake
-- Installing: /home/addinedu/ros2_study/src/my_first_package_msgs/install/my_first_package_msgs/share/my_first_package_msgs/cmake/export_my_first_package_msgs__rosidl_generator_pyExport.cmake
-- Installing: /home/addinedu/ros2_study/src/my_first_package_msgs/install/my_first_package_msgs/share/my_first_package_msgs/cmake/export_my_first_package_msgs__rosidl_generator_pyExport-noconfig.cmake
-- Installing: /home/addinedu/ros2_study/src/my_first_package_msgs/install/my_first_package_msgs/share/my_first_package_msgs/cmake/rosidl_cmake-extras.cmake
-- Installing: /home/addinedu/ros2_study/src/my_first_package_msgs/install/my_first_package_msgs/share/my_first_package_msgs/cmake/ament_cmake_export_include_directories-extras.cmake
-- Installing: /home/addinedu/ros2_study/src/my_first_package_msgs/install/my_first_package_msgs/share/my_first_package_msgs/cmake/ament_cmake_export_libraries-extras.cmake
-- Installing: /home/addinedu/ros2_study/src/my_first_package_msgs/install/my_first_package_msgs/share/my_first_package_msgs/cmake/ament_cmake_export_targets-extras.cmake
-- Installing: /home/addinedu/ros2_study/src/my_first_package_msgs/install/my_first_package_msgs/share/my_first_package_msgs/cmake/rosidl_cmake_export_typesupport_targets-extras.cmake
-- Installing: /home/addinedu/ros2_study/src/my_first_package_msgs/install/my_first_package_msgs/share/my_first_package_msgs/cmake/ament_cmake_export_dependencies-extras.cmake
-- Installing: /home/addinedu/ros2_study/src/my_first_package_msgs/install/my_first_package_msgs/share/my_first_package_msgs/cmake/rosidl_cmake_export_typesupport_libraries-extras.cmake
-- Installing: /home/addinedu/ros2_study/src/my_first_package_msgs/install/my_first_package_msgs/share/my_first_package_msgs/cmake/my_first_package_msgsConfig.cmake
-- Installing: /home/addinedu/ros2_study/src/my_first_package_msgs/install/my_first_package_msgs/share/my_first_package_msgs/cmake/my_first_package_msgsConfig-version.cmake
-- Installing: /home/addinedu/ros2_study/src/my_first_package_msgs/install/my_first_package_msgs/share/my_first_package_msgs/package.xml
