[0.007s] Invoking command in '/home/addinedu/ros2_study/src/my_first_package_msgs/build/my_first_package_msgs': CMAKE_PREFIX_PATH=${CMAKE_PREFIX_PATH}:/home/addinedu/ros2_study/install/my_first_package:/opt/ros/humble /usr/bin/cmake /home/addinedu/ros2_study/src/my_first_package_msgs -DCMAKE_INSTALL_PREFIX=/home/addinedu/ros2_study/src/my_first_package_msgs/install/my_first_package_msgs
[0.043s] -- The C compiler identification is GNU 11.4.0
[0.081s] -- The CXX compiler identification is GNU 11.4.0
[0.086s] -- Detecting C compiler ABI info
[0.133s] -- Detecting C compiler ABI info - done
[0.138s] -- Check for working C compiler: /usr/bin/cc - skipped
[0.139s] -- Detecting C compile features
[0.139s] -- Detecting C compile features - done
[0.141s] -- Detecting CXX compiler ABI info
[0.198s] -- Detecting CXX compiler ABI info - done
[0.204s] -- Check for working CXX compiler: /usr/bin/c++ - skipped
[0.204s] -- Detecting CXX compile features
[0.204s] -- Detecting CXX compile features - done
[0.206s] -- Found ament_cmake: 1.3.8 (/opt/ros/humble/share/ament_cmake/cmake)
[0.448s] -- Found Python3: /usr/bin/python3 (found version "3.10.12") found components: Interpreter 
[0.506s] -- Found rosidl_default_generators: 1.2.0 (/opt/ros/humble/share/rosidl_default_generators/cmake)
[0.508s] -- Using all available rosidl_typesupport_c: rosidl_typesupport_fastrtps_c;rosidl_typesupport_introspection_c
[0.512s] -- Found rosidl_adapter: 3.1.5 (/opt/ros/humble/share/rosidl_adapter/cmake)
[0.539s] -- Using all available rosidl_typesupport_cpp: rosidl_typesupport_fastrtps_cpp;rosidl_typesupport_introspection_cpp
[0.746s] -- Found ament_cmake_ros: 0.10.0 (/opt/ros/humble/share/ament_cmake_ros/cmake)
[0.875s] -- Using all available rosidl_typesupport_c: rosidl_typesupport_fastrtps_c;rosidl_typesupport_introspection_c
[1.042s] -- Using all available rosidl_typesupport_cpp: rosidl_typesupport_fastrtps_cpp;rosidl_typesupport_introspection_cpp
[1.058s] -- Found PythonInterp: /usr/bin/python3 (found suitable version "3.10.12", minimum required is "3.6") 
[1.059s] -- Found python_cmake_module: 0.10.0 (/opt/ros/humble/share/python_cmake_module/cmake)
[1.078s] -- Found PythonLibs: /usr/lib/x86_64-linux-gnu/libpython3.10.so (found suitable version "3.10.12", minimum required is "3.5") 
[1.078s] -- Using PYTHON_EXECUTABLE: /usr/bin/python3
[1.078s] -- Using PYTHON_INCLUDE_DIRS: /usr/include/python3.10
[1.078s] -- Using PYTHON_LIBRARIES: /usr/lib/x86_64-linux-gnu/libpython3.10.so
[1.093s] -- Found PythonExtra: .so  
[1.116s] -- Found ament_lint_auto: 0.12.10 (/opt/ros/humble/share/ament_lint_auto/cmake)
[1.131s] -- Added test 'cppcheck' to perform static code analysis on C / C++ code
[1.132s] -- Configured cppcheck include dirs: $<BUILD_INTERFACE:/home/addinedu/ros2_study/src/my_first_package_msgs/build/my_first_package_msgs/rosidl_generator_c>;$<BUILD_INTERFACE:/home/addinedu/ros2_study/src/my_first_package_msgs/build/my_first_package_msgs/rosidl_typesupport_fastrtps_c>;$<BUILD_INTERFACE:/home/addinedu/ros2_study/src/my_first_package_msgs/build/my_first_package_msgs/rosidl_typesupport_introspection_c>;$<BUILD_INTERFACE:/home/addinedu/ros2_study/src/my_first_package_msgs/build/my_first_package_msgs/rosidl_generator_cpp>;$<BUILD_INTERFACE:/home/addinedu/ros2_study/src/my_first_package_msgs/build/my_first_package_msgs/rosidl_typesupport_fastrtps_cpp>;$<BUILD_INTERFACE:/home/addinedu/ros2_study/src/my_first_package_msgs/build/my_first_package_msgs/rosidl_typesupport_introspection_cpp>;/home/addinedu/ros2_study/src/my_first_package_msgs/build/my_first_package_msgs/rosidl_generator_c;/home/addinedu/ros2_study/src/my_first_package_msgs/build/my_first_package_msgs/rosidl_generator_py
[1.132s] -- Configured cppcheck exclude dirs and/or files: 
[1.133s] -- Added test 'flake8' to check Python code syntax and style conventions
[1.134s] -- Added test 'lint_cmake' to check CMake code style
[1.135s] -- Added test 'pep257' to check Python code against some of the docstring style conventions in PEP 257
[1.139s] -- Added test 'uncrustify' to check C / C++ code style
[1.139s] -- Configured uncrustify additional arguments: 
[1.140s] -- Added test 'xmllint' to check XML markup files
[1.142s] -- Configuring done
[1.163s] -- Generating done
[1.165s] -- Build files have been written to: /home/addinedu/ros2_study/src/my_first_package_msgs/build/my_first_package_msgs
[1.171s] Invoked command in '/home/addinedu/ros2_study/src/my_first_package_msgs/build/my_first_package_msgs' returned '0': CMAKE_PREFIX_PATH=${CMAKE_PREFIX_PATH}:/home/addinedu/ros2_study/install/my_first_package:/opt/ros/humble /usr/bin/cmake /home/addinedu/ros2_study/src/my_first_package_msgs -DCMAKE_INSTALL_PREFIX=/home/addinedu/ros2_study/src/my_first_package_msgs/install/my_first_package_msgs
[1.172s] Invoking command in '/home/addinedu/ros2_study/src/my_first_package_msgs/build/my_first_package_msgs': CMAKE_PREFIX_PATH=${CMAKE_PREFIX_PATH}:/home/addinedu/ros2_study/install/my_first_package:/opt/ros/humble /usr/bin/cmake --build /home/addinedu/ros2_study/src/my_first_package_msgs/build/my_first_package_msgs -- -j12 -l12
[1.198s] [  2%] [34m[1mGenerating C code for ROS interfaces[0m
[1.205s] [  5%] [34m[1mGenerating C++ code for ROS interfaces[0m
[1.212s] [  5%] Built target ament_cmake_python_copy_my_first_package_msgs
[1.388s] running egg_info
[1.389s] creating my_first_package_msgs.egg-info
[1.405s] writing my_first_package_msgs.egg-info/PKG-INFO
[1.406s] writing dependency_links to my_first_package_msgs.egg-info/dependency_links.txt
[1.406s] writing top-level names to my_first_package_msgs.egg-info/top_level.txt
[1.406s] writing manifest file 'my_first_package_msgs.egg-info/SOURCES.txt'
[1.460s] reading manifest file 'my_first_package_msgs.egg-info/SOURCES.txt'
[1.460s] writing manifest file 'my_first_package_msgs.egg-info/SOURCES.txt'
[1.461s] [  5%] Built target my_first_package_msgs__cpp
[1.469s] [ 17%] [32mBuilding C object CMakeFiles/my_first_package_msgs__rosidl_generator_c.dir/rosidl_generator_c/my_first_package_msgs/srv/detail/multi_spawn__functions.c.o[0m
[1.469s] [ 17%] [34m[1mGenerating C++ introspection for ROS interfaces[0m
[1.469s] [ 17%] [34m[1mGenerating C++ type support dispatch for ROS interfaces[0m
[1.469s] [ 17%] [32mBuilding C object CMakeFiles/my_first_package_msgs__rosidl_generator_c.dir/rosidl_generator_c/my_first_package_msgs/msg/detail/cmd_and_pose_vel__functions.c.o[0m
[1.470s] [ 17%] [34m[1mGenerating C++ type support for eProsima Fast-RTPS[0m
[1.484s] [ 17%] Built target ament_cmake_python_build_my_first_package_msgs_egg
[1.513s] [ 20%] [32m[1mLinking C shared library libmy_first_package_msgs__rosidl_generator_c.so[0m
[1.540s] [ 20%] Built target my_first_package_msgs__rosidl_generator_c
[1.549s] [ 28%] [34m[1mGenerating C type support for eProsima Fast-RTPS[0m
[1.549s] [ 28%] [34m[1mGenerating C introspection for ROS interfaces[0m
[1.549s] [ 28%] [34m[1mGenerating C type support dispatch for ROS interfaces[0m
[1.683s] [ 30%] [32mBuilding CXX object CMakeFiles/my_first_package_msgs__rosidl_typesupport_cpp.dir/rosidl_typesupport_cpp/my_first_package_msgs/msg/cmd_and_pose_vel__type_support.cpp.o[0m
[1.686s] [ 33%] [32mBuilding CXX object CMakeFiles/my_first_package_msgs__rosidl_typesupport_cpp.dir/rosidl_typesupport_cpp/my_first_package_msgs/srv/multi_spawn__type_support.cpp.o[0m
[1.708s] [ 35%] [32mBuilding CXX object CMakeFiles/my_first_package_msgs__rosidl_typesupport_introspection_cpp.dir/rosidl_typesupport_introspection_cpp/my_first_package_msgs/msg/detail/cmd_and_pose_vel__type_support.cpp.o[0m
[1.711s] [ 38%] [32mBuilding CXX object CMakeFiles/my_first_package_msgs__rosidl_typesupport_introspection_cpp.dir/rosidl_typesupport_introspection_cpp/my_first_package_msgs/srv/detail/multi_spawn__type_support.cpp.o[0m
[1.752s] [ 43%] [32mBuilding CXX object CMakeFiles/my_first_package_msgs__rosidl_typesupport_fastrtps_cpp.dir/rosidl_typesupport_fastrtps_cpp/my_first_package_msgs/msg/detail/dds_fastrtps/cmd_and_pose_vel__type_support.cpp.o[0m
[1.752s] [ 43%] [32mBuilding CXX object CMakeFiles/my_first_package_msgs__rosidl_typesupport_fastrtps_cpp.dir/rosidl_typesupport_fastrtps_cpp/my_first_package_msgs/srv/detail/dds_fastrtps/multi_spawn__type_support.cpp.o[0m
[1.792s] [ 48%] [32mBuilding CXX object CMakeFiles/my_first_package_msgs__rosidl_typesupport_c.dir/rosidl_typesupport_c/my_first_package_msgs/msg/cmd_and_pose_vel__type_support.cpp.o[0m
[1.792s] [ 48%] [32mBuilding CXX object CMakeFiles/my_first_package_msgs__rosidl_typesupport_c.dir/rosidl_typesupport_c/my_first_package_msgs/srv/multi_spawn__type_support.cpp.o[0m
[1.830s] [ 51%] [32m[1mLinking CXX shared library libmy_first_package_msgs__rosidl_typesupport_c.so[0m
[1.843s] [ 56%] [32mBuilding C object CMakeFiles/my_first_package_msgs__rosidl_typesupport_introspection_c.dir/rosidl_typesupport_introspection_c/my_first_package_msgs/msg/detail/cmd_and_pose_vel__type_support.c.o[0m
[1.843s] [ 56%] [32mBuilding C object CMakeFiles/my_first_package_msgs__rosidl_typesupport_introspection_c.dir/rosidl_typesupport_introspection_c/my_first_package_msgs/srv/detail/multi_spawn__type_support.c.o[0m
[1.854s] [ 61%] [32mBuilding CXX object CMakeFiles/my_first_package_msgs__rosidl_typesupport_fastrtps_c.dir/rosidl_typesupport_fastrtps_c/my_first_package_msgs/msg/detail/cmd_and_pose_vel__type_support_c.cpp.o[0m
[1.854s] [ 61%] [32mBuilding CXX object CMakeFiles/my_first_package_msgs__rosidl_typesupport_fastrtps_c.dir/rosidl_typesupport_fastrtps_c/my_first_package_msgs/srv/detail/multi_spawn__type_support_c.cpp.o[0m
[1.880s] [ 64%] [32m[1mLinking C shared library libmy_first_package_msgs__rosidl_typesupport_introspection_c.so[0m
[1.900s] [ 64%] Built target my_first_package_msgs__rosidl_typesupport_c
[1.905s] [ 64%] Built target my_first_package_msgs__rosidl_typesupport_introspection_c
[1.997s] [ 66%] [32m[1mLinking CXX shared library libmy_first_package_msgs__rosidl_typesupport_cpp.so[0m
[2.031s] [ 66%] Built target my_first_package_msgs__rosidl_typesupport_cpp
[2.145s] [ 69%] [32m[1mLinking CXX shared library libmy_first_package_msgs__rosidl_typesupport_introspection_cpp.so[0m
[2.166s] [ 71%] [32m[1mLinking CXX shared library libmy_first_package_msgs__rosidl_typesupport_fastrtps_c.so[0m
[2.208s] [ 71%] Built target my_first_package_msgs__rosidl_typesupport_introspection_cpp
[2.227s] [ 71%] Built target my_first_package_msgs__rosidl_typesupport_fastrtps_c
[2.232s] [ 74%] [32m[1mLinking CXX shared library libmy_first_package_msgs__rosidl_typesupport_fastrtps_cpp.so[0m
[2.282s] [ 74%] Built target my_first_package_msgs__rosidl_typesupport_fastrtps_cpp
[2.296s] [ 74%] Built target my_first_package_msgs
[2.310s] [ 76%] [34m[1mGenerating Python code for ROS interfaces[0m
[2.654s] [ 76%] Built target my_first_package_msgs__py
[2.668s] [ 82%] [32mBuilding C object CMakeFiles/my_first_package_msgs__rosidl_generator_py.dir/rosidl_generator_py/my_first_package_msgs/srv/_multi_spawn_s.c.o[0m
[2.668s] [ 82%] [32mBuilding C object CMakeFiles/my_first_package_msgs__rosidl_generator_py.dir/rosidl_generator_py/my_first_package_msgs/msg/_cmd_and_pose_vel_s.c.o[0m
[2.753s] [ 84%] [32m[1mLinking C shared library rosidl_generator_py/my_first_package_msgs/libmy_first_package_msgs__rosidl_generator_py.so[0m
[2.780s] [ 84%] Built target my_first_package_msgs__rosidl_generator_py
[2.795s] [ 92%] [32mBuilding C object CMakeFiles/my_first_package_msgs__rosidl_typesupport_introspection_c__pyext.dir/rosidl_generator_py/my_first_package_msgs/_my_first_package_msgs_s.ep.rosidl_typesupport_introspection_c.c.o[0m
[2.795s] [ 92%] [32mBuilding C object CMakeFiles/my_first_package_msgs__rosidl_typesupport_fastrtps_c__pyext.dir/rosidl_generator_py/my_first_package_msgs/_my_first_package_msgs_s.ep.rosidl_typesupport_fastrtps_c.c.o[0m
[2.795s] [ 92%] [32mBuilding C object CMakeFiles/my_first_package_msgs__rosidl_typesupport_c__pyext.dir/rosidl_generator_py/my_first_package_msgs/_my_first_package_msgs_s.ep.rosidl_typesupport_c.c.o[0m
[2.866s] [ 97%] [32m[1mLinking C shared library rosidl_generator_py/my_first_package_msgs/my_first_package_msgs_s__rosidl_typesupport_introspection_c.cpython-310-x86_64-linux-gnu.so[0m
[2.866s] [ 97%] [32m[1mLinking C shared library rosidl_generator_py/my_first_package_msgs/my_first_package_msgs_s__rosidl_typesupport_c.cpython-310-x86_64-linux-gnu.so[0m
[2.867s] [100%] [32m[1mLinking C shared library rosidl_generator_py/my_first_package_msgs/my_first_package_msgs_s__rosidl_typesupport_fastrtps_c.cpython-310-x86_64-linux-gnu.so[0m
[2.890s] [100%] Built target my_first_package_msgs__rosidl_typesupport_c__pyext
[2.890s] [100%] Built target my_first_package_msgs__rosidl_typesupport_fastrtps_c__pyext
[2.890s] [100%] Built target my_first_package_msgs__rosidl_typesupport_introspection_c__pyext
[2.899s] Invoked command in '/home/addinedu/ros2_study/src/my_first_package_msgs/build/my_first_package_msgs' returned '0': CMAKE_PREFIX_PATH=${CMAKE_PREFIX_PATH}:/home/addinedu/ros2_study/install/my_first_package:/opt/ros/humble /usr/bin/cmake --build /home/addinedu/ros2_study/src/my_first_package_msgs/build/my_first_package_msgs -- -j12 -l12
[2.951s] Invoking command in '/home/addinedu/ros2_study/src/my_first_package_msgs/build/my_first_package_msgs': CMAKE_PREFIX_PATH=${CMAKE_PREFIX_PATH}:/home/addinedu/ros2_study/install/my_first_package:/opt/ros/humble /usr/bin/cmake --install /home/addinedu/ros2_study/src/my_first_package_msgs/build/my_first_package_msgs
[2.957s] -- Install configuration: ""
[2.958s] -- Installing: /home/addinedu/ros2_study/src/my_first_package_msgs/install/my_first_package_msgs/share/ament_index/resource_index/rosidl_interfaces/my_first_package_msgs
[2.958s] -- Installing: /home/addinedu/ros2_study/src/my_first_package_msgs/install/my_first_package_msgs/include/my_first_package_msgs/my_first_package_msgs
[2.958s] -- Installing: /home/addinedu/ros2_study/src/my_first_package_msgs/install/my_first_package_msgs/include/my_first_package_msgs/my_first_package_msgs/msg
[2.958s] -- Installing: /home/addinedu/ros2_study/src/my_first_package_msgs/install/my_first_package_msgs/include/my_first_package_msgs/my_first_package_msgs/msg/detail
[2.958s] -- Installing: /home/addinedu/ros2_study/src/my_first_package_msgs/install/my_first_package_msgs/include/my_first_package_msgs/my_first_package_msgs/msg/detail/cmd_and_pose_vel__struct.h
[2.958s] -- Installing: /home/addinedu/ros2_study/src/my_first_package_msgs/install/my_first_package_msgs/include/my_first_package_msgs/my_first_package_msgs/msg/detail/cmd_and_pose_vel__functions.h
[2.958s] -- Installing: /home/addinedu/ros2_study/src/my_first_package_msgs/install/my_first_package_msgs/include/my_first_package_msgs/my_first_package_msgs/msg/detail/cmd_and_pose_vel__type_support.h
[2.958s] -- Installing: /home/addinedu/ros2_study/src/my_first_package_msgs/install/my_first_package_msgs/include/my_first_package_msgs/my_first_package_msgs/msg/detail/cmd_and_pose_vel__functions.c
[2.958s] -- Installing: /home/addinedu/ros2_study/src/my_first_package_msgs/install/my_first_package_msgs/include/my_first_package_msgs/my_first_package_msgs/msg/cmd_and_pose_vel.h
[2.959s] -- Installing: /home/addinedu/ros2_study/src/my_first_package_msgs/install/my_first_package_msgs/include/my_first_package_msgs/my_first_package_msgs/msg/rosidl_generator_c__visibility_control.h
[2.959s] -- Installing: /home/addinedu/ros2_study/src/my_first_package_msgs/install/my_first_package_msgs/include/my_first_package_msgs/my_first_package_msgs/srv
[2.959s] -- Installing: /home/addinedu/ros2_study/src/my_first_package_msgs/install/my_first_package_msgs/include/my_first_package_msgs/my_first_package_msgs/srv/multi_spawn.h
[2.959s] -- Installing: /home/addinedu/ros2_study/src/my_first_package_msgs/install/my_first_package_msgs/include/my_first_package_msgs/my_first_package_msgs/srv/detail
[2.959s] -- Installing: /home/addinedu/ros2_study/src/my_first_package_msgs/install/my_first_package_msgs/include/my_first_package_msgs/my_first_package_msgs/srv/detail/multi_spawn__type_support.h
[2.959s] -- Installing: /home/addinedu/ros2_study/src/my_first_package_msgs/install/my_first_package_msgs/include/my_first_package_msgs/my_first_package_msgs/srv/detail/multi_spawn__functions.h
[2.959s] -- Installing: /home/addinedu/ros2_study/src/my_first_package_msgs/install/my_first_package_msgs/include/my_first_package_msgs/my_first_package_msgs/srv/detail/multi_spawn__struct.h
[2.959s] -- Installing: /home/addinedu/ros2_study/src/my_first_package_msgs/install/my_first_package_msgs/include/my_first_package_msgs/my_first_package_msgs/srv/detail/multi_spawn__functions.c
[2.959s] -- Installing: /home/addinedu/ros2_study/src/my_first_package_msgs/install/my_first_package_msgs/share/my_first_package_msgs/environment/library_path.sh
[2.959s] -- Installing: /home/addinedu/ros2_study/src/my_first_package_msgs/install/my_first_package_msgs/share/my_first_package_msgs/environment/library_path.dsv
[2.959s] -- Installing: /home/addinedu/ros2_study/src/my_first_package_msgs/install/my_first_package_msgs/lib/libmy_first_package_msgs__rosidl_generator_c.so
[2.959s] -- Set runtime path of "/home/addinedu/ros2_study/src/my_first_package_msgs/install/my_first_package_msgs/lib/libmy_first_package_msgs__rosidl_generator_c.so" to ""
[2.959s] -- Up-to-date: /home/addinedu/ros2_study/src/my_first_package_msgs/install/my_first_package_msgs/include/my_first_package_msgs/my_first_package_msgs
[2.959s] -- Up-to-date: /home/addinedu/ros2_study/src/my_first_package_msgs/install/my_first_package_msgs/include/my_first_package_msgs/my_first_package_msgs/msg
[2.959s] -- Up-to-date: /home/addinedu/ros2_study/src/my_first_package_msgs/install/my_first_package_msgs/include/my_first_package_msgs/my_first_package_msgs/msg/detail
[2.959s] -- Installing: /home/addinedu/ros2_study/src/my_first_package_msgs/install/my_first_package_msgs/include/my_first_package_msgs/my_first_package_msgs/msg/detail/cmd_and_pose_vel__rosidl_typesupport_fastrtps_c.h
[2.959s] -- Installing: /home/addinedu/ros2_study/src/my_first_package_msgs/install/my_first_package_msgs/include/my_first_package_msgs/my_first_package_msgs/msg/rosidl_typesupport_fastrtps_c__visibility_control.h
[2.960s] -- Up-to-date: /home/addinedu/ros2_study/src/my_first_package_msgs/install/my_first_package_msgs/include/my_first_package_msgs/my_first_package_msgs/srv
[2.960s] -- Up-to-date: /home/addinedu/ros2_study/src/my_first_package_msgs/install/my_first_package_msgs/include/my_first_package_msgs/my_first_package_msgs/srv/detail
[2.960s] -- Installing: /home/addinedu/ros2_study/src/my_first_package_msgs/install/my_first_package_msgs/include/my_first_package_msgs/my_first_package_msgs/srv/detail/multi_spawn__rosidl_typesupport_fastrtps_c.h
[2.960s] -- Installing: /home/addinedu/ros2_study/src/my_first_package_msgs/install/my_first_package_msgs/lib/libmy_first_package_msgs__rosidl_typesupport_fastrtps_c.so
[2.960s] -- Set runtime path of "/home/addinedu/ros2_study/src/my_first_package_msgs/install/my_first_package_msgs/lib/libmy_first_package_msgs__rosidl_typesupport_fastrtps_c.so" to ""
[2.960s] -- Up-to-date: /home/addinedu/ros2_study/src/my_first_package_msgs/install/my_first_package_msgs/include/my_first_package_msgs/my_first_package_msgs
[2.960s] -- Up-to-date: /home/addinedu/ros2_study/src/my_first_package_msgs/install/my_first_package_msgs/include/my_first_package_msgs/my_first_package_msgs/msg
[2.960s] -- Installing: /home/addinedu/ros2_study/src/my_first_package_msgs/install/my_first_package_msgs/include/my_first_package_msgs/my_first_package_msgs/msg/rosidl_typesupport_introspection_c__visibility_control.h
[2.960s] -- Up-to-date: /home/addinedu/ros2_study/src/my_first_package_msgs/install/my_first_package_msgs/include/my_first_package_msgs/my_first_package_msgs/msg/detail
[2.960s] -- Installing: /home/addinedu/ros2_study/src/my_first_package_msgs/install/my_first_package_msgs/include/my_first_package_msgs/my_first_package_msgs/msg/detail/cmd_and_pose_vel__type_support.c
[2.960s] -- Installing: /home/addinedu/ros2_study/src/my_first_package_msgs/install/my_first_package_msgs/include/my_first_package_msgs/my_first_package_msgs/msg/detail/cmd_and_pose_vel__rosidl_typesupport_introspection_c.h
[2.960s] -- Up-to-date: /home/addinedu/ros2_study/src/my_first_package_msgs/install/my_first_package_msgs/include/my_first_package_msgs/my_first_package_msgs/srv
[2.960s] -- Up-to-date: /home/addinedu/ros2_study/src/my_first_package_msgs/install/my_first_package_msgs/include/my_first_package_msgs/my_first_package_msgs/srv/detail
[2.960s] -- Installing: /home/addinedu/ros2_study/src/my_first_package_msgs/install/my_first_package_msgs/include/my_first_package_msgs/my_first_package_msgs/srv/detail/multi_spawn__rosidl_typesupport_introspection_c.h
[2.960s] -- Installing: /home/addinedu/ros2_study/src/my_first_package_msgs/install/my_first_package_msgs/include/my_first_package_msgs/my_first_package_msgs/srv/detail/multi_spawn__type_support.c
[2.960s] -- Installing: /home/addinedu/ros2_study/src/my_first_package_msgs/install/my_first_package_msgs/lib/libmy_first_package_msgs__rosidl_typesupport_introspection_c.so
[2.961s] -- Set runtime path of "/home/addinedu/ros2_study/src/my_first_package_msgs/install/my_first_package_msgs/lib/libmy_first_package_msgs__rosidl_typesupport_introspection_c.so" to ""
[2.961s] -- Installing: /home/addinedu/ros2_study/src/my_first_package_msgs/install/my_first_package_msgs/lib/libmy_first_package_msgs__rosidl_typesupport_c.so
[2.961s] -- Set runtime path of "/home/addinedu/ros2_study/src/my_first_package_msgs/install/my_first_package_msgs/lib/libmy_first_package_msgs__rosidl_typesupport_c.so" to ""
[2.961s] -- Up-to-date: /home/addinedu/ros2_study/src/my_first_package_msgs/install/my_first_package_msgs/include/my_first_package_msgs/my_first_package_msgs
[2.961s] -- Up-to-date: /home/addinedu/ros2_study/src/my_first_package_msgs/install/my_first_package_msgs/include/my_first_package_msgs/my_first_package_msgs/msg
[2.961s] -- Installing: /home/addinedu/ros2_study/src/my_first_package_msgs/install/my_first_package_msgs/include/my_first_package_msgs/my_first_package_msgs/msg/cmd_and_pose_vel.hpp
[2.961s] -- Up-to-date: /home/addinedu/ros2_study/src/my_first_package_msgs/install/my_first_package_msgs/include/my_first_package_msgs/my_first_package_msgs/msg/detail
[2.961s] -- Installing: /home/addinedu/ros2_study/src/my_first_package_msgs/install/my_first_package_msgs/include/my_first_package_msgs/my_first_package_msgs/msg/detail/cmd_and_pose_vel__traits.hpp
[2.961s] -- Installing: /home/addinedu/ros2_study/src/my_first_package_msgs/install/my_first_package_msgs/include/my_first_package_msgs/my_first_package_msgs/msg/detail/cmd_and_pose_vel__builder.hpp
[2.961s] -- Installing: /home/addinedu/ros2_study/src/my_first_package_msgs/install/my_first_package_msgs/include/my_first_package_msgs/my_first_package_msgs/msg/detail/cmd_and_pose_vel__struct.hpp
[2.961s] -- Up-to-date: /home/addinedu/ros2_study/src/my_first_package_msgs/install/my_first_package_msgs/include/my_first_package_msgs/my_first_package_msgs/srv
[2.961s] -- Installing: /home/addinedu/ros2_study/src/my_first_package_msgs/install/my_first_package_msgs/include/my_first_package_msgs/my_first_package_msgs/srv/multi_spawn.hpp
[2.962s] -- Up-to-date: /home/addinedu/ros2_study/src/my_first_package_msgs/install/my_first_package_msgs/include/my_first_package_msgs/my_first_package_msgs/srv/detail
[2.962s] -- Installing: /home/addinedu/ros2_study/src/my_first_package_msgs/install/my_first_package_msgs/include/my_first_package_msgs/my_first_package_msgs/srv/detail/multi_spawn__struct.hpp
[2.962s] -- Installing: /home/addinedu/ros2_study/src/my_first_package_msgs/install/my_first_package_msgs/include/my_first_package_msgs/my_first_package_msgs/srv/detail/multi_spawn__builder.hpp
[2.962s] -- Installing: /home/addinedu/ros2_study/src/my_first_package_msgs/install/my_first_package_msgs/include/my_first_package_msgs/my_first_package_msgs/srv/detail/multi_spawn__traits.hpp
[2.962s] -- Up-to-date: /home/addinedu/ros2_study/src/my_first_package_msgs/install/my_first_package_msgs/include/my_first_package_msgs/my_first_package_msgs
[2.962s] -- Up-to-date: /home/addinedu/ros2_study/src/my_first_package_msgs/install/my_first_package_msgs/include/my_first_package_msgs/my_first_package_msgs/msg
[2.962s] -- Installing: /home/addinedu/ros2_study/src/my_first_package_msgs/install/my_first_package_msgs/include/my_first_package_msgs/my_first_package_msgs/msg/rosidl_typesupport_fastrtps_cpp__visibility_control.h
[2.962s] -- Up-to-date: /home/addinedu/ros2_study/src/my_first_package_msgs/install/my_first_package_msgs/include/my_first_package_msgs/my_first_package_msgs/msg/detail
[2.962s] -- Installing: /home/addinedu/ros2_study/src/my_first_package_msgs/install/my_first_package_msgs/include/my_first_package_msgs/my_first_package_msgs/msg/detail/dds_fastrtps
[2.962s] -- Installing: /home/addinedu/ros2_study/src/my_first_package_msgs/install/my_first_package_msgs/include/my_first_package_msgs/my_first_package_msgs/msg/detail/cmd_and_pose_vel__rosidl_typesupport_fastrtps_cpp.hpp
[2.962s] -- Up-to-date: /home/addinedu/ros2_study/src/my_first_package_msgs/install/my_first_package_msgs/include/my_first_package_msgs/my_first_package_msgs/srv
[2.962s] -- Up-to-date: /home/addinedu/ros2_study/src/my_first_package_msgs/install/my_first_package_msgs/include/my_first_package_msgs/my_first_package_msgs/srv/detail
[2.962s] -- Installing: /home/addinedu/ros2_study/src/my_first_package_msgs/install/my_first_package_msgs/include/my_first_package_msgs/my_first_package_msgs/srv/detail/multi_spawn__rosidl_typesupport_fastrtps_cpp.hpp
[2.962s] -- Installing: /home/addinedu/ros2_study/src/my_first_package_msgs/install/my_first_package_msgs/include/my_first_package_msgs/my_first_package_msgs/srv/detail/dds_fastrtps
[2.962s] -- Installing: /home/addinedu/ros2_study/src/my_first_package_msgs/install/my_first_package_msgs/lib/libmy_first_package_msgs__rosidl_typesupport_fastrtps_cpp.so
[2.962s] -- Set runtime path of "/home/addinedu/ros2_study/src/my_first_package_msgs/install/my_first_package_msgs/lib/libmy_first_package_msgs__rosidl_typesupport_fastrtps_cpp.so" to ""
[2.962s] -- Up-to-date: /home/addinedu/ros2_study/src/my_first_package_msgs/install/my_first_package_msgs/include/my_first_package_msgs/my_first_package_msgs
[2.962s] -- Up-to-date: /home/addinedu/ros2_study/src/my_first_package_msgs/install/my_first_package_msgs/include/my_first_package_msgs/my_first_package_msgs/msg
[2.963s] -- Up-to-date: /home/addinedu/ros2_study/src/my_first_package_msgs/install/my_first_package_msgs/include/my_first_package_msgs/my_first_package_msgs/msg/detail
[2.963s] -- Installing: /home/addinedu/ros2_study/src/my_first_package_msgs/install/my_first_package_msgs/include/my_first_package_msgs/my_first_package_msgs/msg/detail/cmd_and_pose_vel__type_support.cpp
[2.963s] -- Installing: /home/addinedu/ros2_study/src/my_first_package_msgs/install/my_first_package_msgs/include/my_first_package_msgs/my_first_package_msgs/msg/detail/cmd_and_pose_vel__rosidl_typesupport_introspection_cpp.hpp
[2.963s] -- Up-to-date: /home/addinedu/ros2_study/src/my_first_package_msgs/install/my_first_package_msgs/include/my_first_package_msgs/my_first_package_msgs/srv
[2.963s] -- Up-to-date: /home/addinedu/ros2_study/src/my_first_package_msgs/install/my_first_package_msgs/include/my_first_package_msgs/my_first_package_msgs/srv/detail
[2.963s] -- Installing: /home/addinedu/ros2_study/src/my_first_package_msgs/install/my_first_package_msgs/include/my_first_package_msgs/my_first_package_msgs/srv/detail/multi_spawn__rosidl_typesupport_introspection_cpp.hpp
[2.963s] -- Installing: /home/addinedu/ros2_study/src/my_first_package_msgs/install/my_first_package_msgs/include/my_first_package_msgs/my_first_package_msgs/srv/detail/multi_spawn__type_support.cpp
[2.963s] -- Installing: /home/addinedu/ros2_study/src/my_first_package_msgs/install/my_first_package_msgs/lib/libmy_first_package_msgs__rosidl_typesupport_introspection_cpp.so
[2.963s] -- Set runtime path of "/home/addinedu/ros2_study/src/my_first_package_msgs/install/my_first_package_msgs/lib/libmy_first_package_msgs__rosidl_typesupport_introspection_cpp.so" to ""
[2.963s] -- Installing: /home/addinedu/ros2_study/src/my_first_package_msgs/install/my_first_package_msgs/lib/libmy_first_package_msgs__rosidl_typesupport_cpp.so
[2.963s] -- Set runtime path of "/home/addinedu/ros2_study/src/my_first_package_msgs/install/my_first_package_msgs/lib/libmy_first_package_msgs__rosidl_typesupport_cpp.so" to ""
[2.963s] -- Installing: /home/addinedu/ros2_study/src/my_first_package_msgs/install/my_first_package_msgs/share/my_first_package_msgs/environment/pythonpath.sh
[2.963s] -- Installing: /home/addinedu/ros2_study/src/my_first_package_msgs/install/my_first_package_msgs/share/my_first_package_msgs/environment/pythonpath.dsv
[2.963s] -- Installing: /home/addinedu/ros2_study/src/my_first_package_msgs/install/my_first_package_msgs/local/lib/python3.10/dist-packages/my_first_package_msgs-0.0.0-py3.10.egg-info
[2.963s] -- Installing: /home/addinedu/ros2_study/src/my_first_package_msgs/install/my_first_package_msgs/local/lib/python3.10/dist-packages/my_first_package_msgs-0.0.0-py3.10.egg-info/dependency_links.txt
[2.963s] -- Installing: /home/addinedu/ros2_study/src/my_first_package_msgs/install/my_first_package_msgs/local/lib/python3.10/dist-packages/my_first_package_msgs-0.0.0-py3.10.egg-info/SOURCES.txt
[2.963s] -- Installing: /home/addinedu/ros2_study/src/my_first_package_msgs/install/my_first_package_msgs/local/lib/python3.10/dist-packages/my_first_package_msgs-0.0.0-py3.10.egg-info/top_level.txt
[2.964s] -- Installing: /home/addinedu/ros2_study/src/my_first_package_msgs/install/my_first_package_msgs/local/lib/python3.10/dist-packages/my_first_package_msgs-0.0.0-py3.10.egg-info/PKG-INFO
[2.964s] -- Installing: /home/addinedu/ros2_study/src/my_first_package_msgs/install/my_first_package_msgs/local/lib/python3.10/dist-packages/my_first_package_msgs
[2.964s] -- Installing: /home/addinedu/ros2_study/src/my_first_package_msgs/install/my_first_package_msgs/local/lib/python3.10/dist-packages/my_first_package_msgs/my_first_package_msgs_s__rosidl_typesupport_introspection_c.cpython-310-x86_64-linux-gnu.so
[2.964s] -- Installing: /home/addinedu/ros2_study/src/my_first_package_msgs/install/my_first_package_msgs/local/lib/python3.10/dist-packages/my_first_package_msgs/libmy_first_package_msgs__rosidl_generator_py.so
[2.964s] -- Installing: /home/addinedu/ros2_study/src/my_first_package_msgs/install/my_first_package_msgs/local/lib/python3.10/dist-packages/my_first_package_msgs/_my_first_package_msgs_s.ep.rosidl_typesupport_c.c
[2.964s] -- Installing: /home/addinedu/ros2_study/src/my_first_package_msgs/install/my_first_package_msgs/local/lib/python3.10/dist-packages/my_first_package_msgs/_my_first_package_msgs_s.ep.rosidl_typesupport_fastrtps_c.c
[2.964s] -- Installing: /home/addinedu/ros2_study/src/my_first_package_msgs/install/my_first_package_msgs/local/lib/python3.10/dist-packages/my_first_package_msgs/__init__.py
[2.964s] -- Installing: /home/addinedu/ros2_study/src/my_first_package_msgs/install/my_first_package_msgs/local/lib/python3.10/dist-packages/my_first_package_msgs/msg
[2.964s] -- Installing: /home/addinedu/ros2_study/src/my_first_package_msgs/install/my_first_package_msgs/local/lib/python3.10/dist-packages/my_first_package_msgs/msg/__init__.py
[2.964s] -- Installing: /home/addinedu/ros2_study/src/my_first_package_msgs/install/my_first_package_msgs/local/lib/python3.10/dist-packages/my_first_package_msgs/msg/_cmd_and_pose_vel_s.c
[2.964s] -- Installing: /home/addinedu/ros2_study/src/my_first_package_msgs/install/my_first_package_msgs/local/lib/python3.10/dist-packages/my_first_package_msgs/msg/_cmd_and_pose_vel.py
[2.964s] -- Installing: /home/addinedu/ros2_study/src/my_first_package_msgs/install/my_first_package_msgs/local/lib/python3.10/dist-packages/my_first_package_msgs/srv
[2.964s] -- Installing: /home/addinedu/ros2_study/src/my_first_package_msgs/install/my_first_package_msgs/local/lib/python3.10/dist-packages/my_first_package_msgs/srv/__init__.py
[2.964s] -- Installing: /home/addinedu/ros2_study/src/my_first_package_msgs/install/my_first_package_msgs/local/lib/python3.10/dist-packages/my_first_package_msgs/srv/_multi_spawn.py
[2.965s] -- Installing: /home/addinedu/ros2_study/src/my_first_package_msgs/install/my_first_package_msgs/local/lib/python3.10/dist-packages/my_first_package_msgs/srv/_multi_spawn_s.c
[2.965s] -- Installing: /home/addinedu/ros2_study/src/my_first_package_msgs/install/my_first_package_msgs/local/lib/python3.10/dist-packages/my_first_package_msgs/my_first_package_msgs_s__rosidl_typesupport_fastrtps_c.cpython-310-x86_64-linux-gnu.so
[2.965s] -- Installing: /home/addinedu/ros2_study/src/my_first_package_msgs/install/my_first_package_msgs/local/lib/python3.10/dist-packages/my_first_package_msgs/_my_first_package_msgs_s.ep.rosidl_typesupport_introspection_c.c
[2.965s] -- Installing: /home/addinedu/ros2_study/src/my_first_package_msgs/install/my_first_package_msgs/local/lib/python3.10/dist-packages/my_first_package_msgs/my_first_package_msgs_s__rosidl_typesupport_c.cpython-310-x86_64-linux-gnu.so
[2.991s] Listing '/home/addinedu/ros2_study/src/my_first_package_msgs/install/my_first_package_msgs/local/lib/python3.10/dist-packages/my_first_package_msgs'...
[2.991s] Compiling '/home/addinedu/ros2_study/src/my_first_package_msgs/install/my_first_package_msgs/local/lib/python3.10/dist-packages/my_first_package_msgs/__init__.py'...
[2.991s] Listing '/home/addinedu/ros2_study/src/my_first_package_msgs/install/my_first_package_msgs/local/lib/python3.10/dist-packages/my_first_package_msgs/msg'...
[2.992s] Compiling '/home/addinedu/ros2_study/src/my_first_package_msgs/install/my_first_package_msgs/local/lib/python3.10/dist-packages/my_first_package_msgs/msg/__init__.py'...
[2.992s] Compiling '/home/addinedu/ros2_study/src/my_first_package_msgs/install/my_first_package_msgs/local/lib/python3.10/dist-packages/my_first_package_msgs/msg/_cmd_and_pose_vel.py'...
[2.992s] Listing '/home/addinedu/ros2_study/src/my_first_package_msgs/install/my_first_package_msgs/local/lib/python3.10/dist-packages/my_first_package_msgs/srv'...
[2.992s] Compiling '/home/addinedu/ros2_study/src/my_first_package_msgs/install/my_first_package_msgs/local/lib/python3.10/dist-packages/my_first_package_msgs/srv/__init__.py'...
[2.992s] Compiling '/home/addinedu/ros2_study/src/my_first_package_msgs/install/my_first_package_msgs/local/lib/python3.10/dist-packages/my_first_package_msgs/srv/_multi_spawn.py'...
[2.994s] -- Installing: /home/addinedu/ros2_study/src/my_first_package_msgs/install/my_first_package_msgs/local/lib/python3.10/dist-packages/my_first_package_msgs/my_first_package_msgs_s__rosidl_typesupport_fastrtps_c.cpython-310-x86_64-linux-gnu.so
[2.995s] -- Set runtime path of "/home/addinedu/ros2_study/src/my_first_package_msgs/install/my_first_package_msgs/local/lib/python3.10/dist-packages/my_first_package_msgs/my_first_package_msgs_s__rosidl_typesupport_fastrtps_c.cpython-310-x86_64-linux-gnu.so" to ""
[2.995s] -- Installing: /home/addinedu/ros2_study/src/my_first_package_msgs/install/my_first_package_msgs/local/lib/python3.10/dist-packages/my_first_package_msgs/my_first_package_msgs_s__rosidl_typesupport_introspection_c.cpython-310-x86_64-linux-gnu.so
[2.995s] -- Set runtime path of "/home/addinedu/ros2_study/src/my_first_package_msgs/install/my_first_package_msgs/local/lib/python3.10/dist-packages/my_first_package_msgs/my_first_package_msgs_s__rosidl_typesupport_introspection_c.cpython-310-x86_64-linux-gnu.so" to ""
[2.995s] -- Installing: /home/addinedu/ros2_study/src/my_first_package_msgs/install/my_first_package_msgs/local/lib/python3.10/dist-packages/my_first_package_msgs/my_first_package_msgs_s__rosidl_typesupport_c.cpython-310-x86_64-linux-gnu.so
[2.995s] -- Set runtime path of "/home/addinedu/ros2_study/src/my_first_package_msgs/install/my_first_package_msgs/local/lib/python3.10/dist-packages/my_first_package_msgs/my_first_package_msgs_s__rosidl_typesupport_c.cpython-310-x86_64-linux-gnu.so" to ""
[2.995s] -- Installing: /home/addinedu/ros2_study/src/my_first_package_msgs/install/my_first_package_msgs/lib/libmy_first_package_msgs__rosidl_generator_py.so
[2.995s] -- Set runtime path of "/home/addinedu/ros2_study/src/my_first_package_msgs/install/my_first_package_msgs/lib/libmy_first_package_msgs__rosidl_generator_py.so" to ""
[2.995s] -- Installing: /home/addinedu/ros2_study/src/my_first_package_msgs/install/my_first_package_msgs/share/my_first_package_msgs/msg/CmdAndPoseVel.idl
[2.996s] -- Installing: /home/addinedu/ros2_study/src/my_first_package_msgs/install/my_first_package_msgs/share/my_first_package_msgs/srv/MultiSpawn.idl
[2.996s] -- Installing: /home/addinedu/ros2_study/src/my_first_package_msgs/install/my_first_package_msgs/share/my_first_package_msgs/msg/CmdAndPoseVel.msg
[2.996s] -- Installing: /home/addinedu/ros2_study/src/my_first_package_msgs/install/my_first_package_msgs/share/my_first_package_msgs/srv/MultiSpawn.srv
[2.996s] -- Installing: /home/addinedu/ros2_study/src/my_first_package_msgs/install/my_first_package_msgs/share/my_first_package_msgs/srv/MultiSpawn_Request.msg
[2.996s] -- Installing: /home/addinedu/ros2_study/src/my_first_package_msgs/install/my_first_package_msgs/share/my_first_package_msgs/srv/MultiSpawn_Response.msg
[2.996s] -- Installing: /home/addinedu/ros2_study/src/my_first_package_msgs/install/my_first_package_msgs/share/ament_index/resource_index/package_run_dependencies/my_first_package_msgs
[2.996s] -- Installing: /home/addinedu/ros2_study/src/my_first_package_msgs/install/my_first_package_msgs/share/ament_index/resource_index/parent_prefix_path/my_first_package_msgs
[2.996s] -- Installing: /home/addinedu/ros2_study/src/my_first_package_msgs/install/my_first_package_msgs/share/my_first_package_msgs/environment/ament_prefix_path.sh
[2.996s] -- Installing: /home/addinedu/ros2_study/src/my_first_package_msgs/install/my_first_package_msgs/share/my_first_package_msgs/environment/ament_prefix_path.dsv
[2.996s] -- Installing: /home/addinedu/ros2_study/src/my_first_package_msgs/install/my_first_package_msgs/share/my_first_package_msgs/environment/path.sh
[2.996s] -- Installing: /home/addinedu/ros2_study/src/my_first_package_msgs/install/my_first_package_msgs/share/my_first_package_msgs/environment/path.dsv
[2.996s] -- Installing: /home/addinedu/ros2_study/src/my_first_package_msgs/install/my_first_package_msgs/share/my_first_package_msgs/local_setup.bash
[2.997s] -- Installing: /home/addinedu/ros2_study/src/my_first_package_msgs/install/my_first_package_msgs/share/my_first_package_msgs/local_setup.sh
[2.997s] -- Installing: /home/addinedu/ros2_study/src/my_first_package_msgs/install/my_first_package_msgs/share/my_first_package_msgs/local_setup.zsh
[2.997s] -- Installing: /home/addinedu/ros2_study/src/my_first_package_msgs/install/my_first_package_msgs/share/my_first_package_msgs/local_setup.dsv
[2.997s] -- Installing: /home/addinedu/ros2_study/src/my_first_package_msgs/install/my_first_package_msgs/share/my_first_package_msgs/package.dsv
[2.997s] -- Installing: /home/addinedu/ros2_study/src/my_first_package_msgs/install/my_first_package_msgs/share/ament_index/resource_index/packages/my_first_package_msgs
[2.997s] -- Installing: /home/addinedu/ros2_study/src/my_first_package_msgs/install/my_first_package_msgs/share/my_first_package_msgs/cmake/export_my_first_package_msgs__rosidl_generator_cExport.cmake
[2.997s] -- Installing: /home/addinedu/ros2_study/src/my_first_package_msgs/install/my_first_package_msgs/share/my_first_package_msgs/cmake/export_my_first_package_msgs__rosidl_generator_cExport-noconfig.cmake
[2.997s] -- Installing: /home/addinedu/ros2_study/src/my_first_package_msgs/install/my_first_package_msgs/share/my_first_package_msgs/cmake/export_my_first_package_msgs__rosidl_typesupport_fastrtps_cExport.cmake
[2.997s] -- Installing: /home/addinedu/ros2_study/src/my_first_package_msgs/install/my_first_package_msgs/share/my_first_package_msgs/cmake/export_my_first_package_msgs__rosidl_typesupport_fastrtps_cExport-noconfig.cmake
[2.997s] -- Installing: /home/addinedu/ros2_study/src/my_first_package_msgs/install/my_first_package_msgs/share/my_first_package_msgs/cmake/my_first_package_msgs__rosidl_typesupport_introspection_cExport.cmake
[2.997s] -- Installing: /home/addinedu/ros2_study/src/my_first_package_msgs/install/my_first_package_msgs/share/my_first_package_msgs/cmake/my_first_package_msgs__rosidl_typesupport_introspection_cExport-noconfig.cmake
[2.998s] -- Installing: /home/addinedu/ros2_study/src/my_first_package_msgs/install/my_first_package_msgs/share/my_first_package_msgs/cmake/my_first_package_msgs__rosidl_typesupport_cExport.cmake
[2.998s] -- Installing: /home/addinedu/ros2_study/src/my_first_package_msgs/install/my_first_package_msgs/share/my_first_package_msgs/cmake/my_first_package_msgs__rosidl_typesupport_cExport-noconfig.cmake
[2.998s] -- Installing: /home/addinedu/ros2_study/src/my_first_package_msgs/install/my_first_package_msgs/share/my_first_package_msgs/cmake/export_my_first_package_msgs__rosidl_generator_cppExport.cmake
[2.998s] -- Installing: /home/addinedu/ros2_study/src/my_first_package_msgs/install/my_first_package_msgs/share/my_first_package_msgs/cmake/export_my_first_package_msgs__rosidl_typesupport_fastrtps_cppExport.cmake
[2.998s] -- Installing: /home/addinedu/ros2_study/src/my_first_package_msgs/install/my_first_package_msgs/share/my_first_package_msgs/cmake/export_my_first_package_msgs__rosidl_typesupport_fastrtps_cppExport-noconfig.cmake
[2.998s] -- Installing: /home/addinedu/ros2_study/src/my_first_package_msgs/install/my_first_package_msgs/share/my_first_package_msgs/cmake/my_first_package_msgs__rosidl_typesupport_introspection_cppExport.cmake
[2.998s] -- Installing: /home/addinedu/ros2_study/src/my_first_package_msgs/install/my_first_package_msgs/share/my_first_package_msgs/cmake/my_first_package_msgs__rosidl_typesupport_introspection_cppExport-noconfig.cmake
[2.998s] -- Installing: /home/addinedu/ros2_study/src/my_first_package_msgs/install/my_first_package_msgs/share/my_first_package_msgs/cmake/my_first_package_msgs__rosidl_typesupport_cppExport.cmake
[2.998s] -- Installing: /home/addinedu/ros2_study/src/my_first_package_msgs/install/my_first_package_msgs/share/my_first_package_msgs/cmake/my_first_package_msgs__rosidl_typesupport_cppExport-noconfig.cmake
[2.998s] -- Installing: /home/addinedu/ros2_study/src/my_first_package_msgs/install/my_first_package_msgs/share/my_first_package_msgs/cmake/export_my_first_package_msgs__rosidl_generator_pyExport.cmake
[2.998s] -- Installing: /home/addinedu/ros2_study/src/my_first_package_msgs/install/my_first_package_msgs/share/my_first_package_msgs/cmake/export_my_first_package_msgs__rosidl_generator_pyExport-noconfig.cmake
[2.999s] -- Installing: /home/addinedu/ros2_study/src/my_first_package_msgs/install/my_first_package_msgs/share/my_first_package_msgs/cmake/rosidl_cmake-extras.cmake
[2.999s] -- Installing: /home/addinedu/ros2_study/src/my_first_package_msgs/install/my_first_package_msgs/share/my_first_package_msgs/cmake/ament_cmake_export_include_directories-extras.cmake
[2.999s] -- Installing: /home/addinedu/ros2_study/src/my_first_package_msgs/install/my_first_package_msgs/share/my_first_package_msgs/cmake/ament_cmake_export_libraries-extras.cmake
[2.999s] -- Installing: /home/addinedu/ros2_study/src/my_first_package_msgs/install/my_first_package_msgs/share/my_first_package_msgs/cmake/ament_cmake_export_targets-extras.cmake
[2.999s] -- Installing: /home/addinedu/ros2_study/src/my_first_package_msgs/install/my_first_package_msgs/share/my_first_package_msgs/cmake/rosidl_cmake_export_typesupport_targets-extras.cmake
[2.999s] -- Installing: /home/addinedu/ros2_study/src/my_first_package_msgs/install/my_first_package_msgs/share/my_first_package_msgs/cmake/ament_cmake_export_dependencies-extras.cmake
[2.999s] -- Installing: /home/addinedu/ros2_study/src/my_first_package_msgs/install/my_first_package_msgs/share/my_first_package_msgs/cmake/rosidl_cmake_export_typesupport_libraries-extras.cmake
[2.999s] -- Installing: /home/addinedu/ros2_study/src/my_first_package_msgs/install/my_first_package_msgs/share/my_first_package_msgs/cmake/my_first_package_msgsConfig.cmake
[2.999s] -- Installing: /home/addinedu/ros2_study/src/my_first_package_msgs/install/my_first_package_msgs/share/my_first_package_msgs/cmake/my_first_package_msgsConfig-version.cmake
[2.999s] -- Installing: /home/addinedu/ros2_study/src/my_first_package_msgs/install/my_first_package_msgs/share/my_first_package_msgs/package.xml
[3.001s] Invoked command in '/home/addinedu/ros2_study/src/my_first_package_msgs/build/my_first_package_msgs' returned '0': CMAKE_PREFIX_PATH=${CMAKE_PREFIX_PATH}:/home/addinedu/ros2_study/install/my_first_package:/opt/ros/humble /usr/bin/cmake --install /home/addinedu/ros2_study/src/my_first_package_msgs/build/my_first_package_msgs
