[0.081s] DEBUG:colcon:Command line arguments: ['/usr/bin/colcon', 'build']
[0.081s] DEBUG:colcon:Parsed command line arguments: Namespace(log_base=None, log_level=None, verb_name='build', build_base='build', install_base='install', merge_install=False, symlink_install=False, test_result_base=None, continue_on_error=False, executor='parallel', parallel_workers=12, event_handlers=None, ignore_user_meta=False, metas=['./colcon.meta'], base_paths=['.'], packages_ignore=None, packages_ignore_regex=None, paths=None, packages_up_to=None, packages_up_to_regex=None, packages_above=None, packages_above_and_dependencies=None, packages_above_depth=None, packages_select_by_dep=None, packages_skip_by_dep=None, packages_skip_up_to=None, packages_select_build_failed=False, packages_skip_build_finished=False, packages_select_test_failures=False, packages_skip_test_passed=False, packages_select=None, packages_skip=None, packages_select_regex=None, packages_skip_regex=None, packages_start=None, packages_end=None, allow_overriding=[], cmake_args=None, cmake_target=None, cmake_target_skip_unavailable=False, cmake_clean_cache=False, cmake_clean_first=False, cmake_force_configure=False, ament_cmake_args=None, catkin_cmake_args=None, catkin_skip_building_tests=False, verb_parser=<colcon_defaults.argument_parser.defaults.DefaultArgumentsDecorator object at 0x70e8ee032f50>, verb_extension=<colcon_core.verb.build.BuildVerb object at 0x70e8ee12fa60>, main=<bound method BuildVerb.main of <colcon_core.verb.build.BuildVerb object at 0x70e8ee12fa60>>)
[0.109s] Level 1:colcon.colcon_core.package_discovery:discover_packages(colcon_meta) check parameters
[0.109s] Level 1:colcon.colcon_core.package_discovery:discover_packages(recursive) check parameters
[0.109s] Level 1:colcon.colcon_core.package_discovery:discover_packages(ignore) check parameters
[0.109s] Level 1:colcon.colcon_core.package_discovery:discover_packages(path) check parameters
[0.109s] Level 1:colcon.colcon_core.package_discovery:discover_packages(colcon_meta) discover
[0.109s] Level 1:colcon.colcon_core.package_discovery:discover_packages(recursive) discover
[0.109s] INFO:colcon.colcon_core.package_discovery:Crawling recursively for packages in '/home/addinedu/ros2_study/src/my_first_package_msgs'
[0.109s] Level 1:colcon.colcon_core.package_identification:_identify(.) by extensions ['ignore', 'ignore_ament_install']
[0.110s] Level 1:colcon.colcon_core.package_identification:_identify(.) by extension 'ignore'
[0.110s] Level 1:colcon.colcon_core.package_identification:_identify(.) by extension 'ignore_ament_install'
[0.110s] Level 1:colcon.colcon_core.package_identification:_identify(.) by extensions ['colcon_pkg']
[0.110s] Level 1:colcon.colcon_core.package_identification:_identify(.) by extension 'colcon_pkg'
[0.110s] Level 1:colcon.colcon_core.package_identification:_identify(.) by extensions ['colcon_meta']
[0.110s] Level 1:colcon.colcon_core.package_identification:_identify(.) by extension 'colcon_meta'
[0.110s] Level 1:colcon.colcon_core.package_identification:_identify(.) by extensions ['ros']
[0.110s] Level 1:colcon.colcon_core.package_identification:_identify(.) by extension 'ros'
[0.122s] DEBUG:colcon.colcon_core.package_identification:Package '.' with type 'ros.ament_cmake' and name 'my_first_package_msgs'
[0.122s] Level 1:colcon.colcon_core.package_discovery:discover_packages(recursive) using defaults
[0.122s] Level 1:colcon.colcon_core.package_discovery:discover_packages(ignore) discover
[0.122s] Level 1:colcon.colcon_core.package_discovery:discover_packages(ignore) using defaults
[0.122s] Level 1:colcon.colcon_core.package_discovery:discover_packages(path) discover
[0.122s] Level 1:colcon.colcon_core.package_discovery:discover_packages(path) using defaults
[0.136s] Level 1:colcon.colcon_core.package_discovery:discover_packages(prefix_path) check parameters
[0.137s] Level 1:colcon.colcon_core.package_discovery:discover_packages(prefix_path) discover
[0.138s] DEBUG:colcon.colcon_installed_package_information.package_discovery:Found 2 installed packages in /home/addinedu/ros2_study/install
[0.139s] DEBUG:colcon.colcon_installed_package_information.package_discovery:Found 277 installed packages in /opt/ros/humble
[0.140s] Level 1:colcon.colcon_core.package_discovery:discover_packages(prefix_path) using defaults
[0.167s] Level 5:colcon.colcon_core.verb:set package 'my_first_package_msgs' build argument 'cmake_args' from command line to 'None'
[0.167s] Level 5:colcon.colcon_core.verb:set package 'my_first_package_msgs' build argument 'cmake_target' from command line to 'None'
[0.167s] Level 5:colcon.colcon_core.verb:set package 'my_first_package_msgs' build argument 'cmake_target_skip_unavailable' from command line to 'False'
[0.167s] Level 5:colcon.colcon_core.verb:set package 'my_first_package_msgs' build argument 'cmake_clean_cache' from command line to 'False'
[0.167s] Level 5:colcon.colcon_core.verb:set package 'my_first_package_msgs' build argument 'cmake_clean_first' from command line to 'False'
[0.167s] Level 5:colcon.colcon_core.verb:set package 'my_first_package_msgs' build argument 'cmake_force_configure' from command line to 'False'
[0.167s] Level 5:colcon.colcon_core.verb:set package 'my_first_package_msgs' build argument 'ament_cmake_args' from command line to 'None'
[0.167s] Level 5:colcon.colcon_core.verb:set package 'my_first_package_msgs' build argument 'catkin_cmake_args' from command line to 'None'
[0.167s] Level 5:colcon.colcon_core.verb:set package 'my_first_package_msgs' build argument 'catkin_skip_building_tests' from command line to 'False'
[0.167s] DEBUG:colcon.colcon_core.verb:Building package 'my_first_package_msgs' with the following arguments: {'ament_cmake_args': None, 'build_base': '/home/addinedu/ros2_study/src/my_first_package_msgs/build/my_first_package_msgs', 'catkin_cmake_args': None, 'catkin_skip_building_tests': False, 'cmake_args': None, 'cmake_clean_cache': False, 'cmake_clean_first': False, 'cmake_force_configure': False, 'cmake_target': None, 'cmake_target_skip_unavailable': False, 'install_base': '/home/addinedu/ros2_study/src/my_first_package_msgs/install/my_first_package_msgs', 'merge_install': False, 'path': '/home/addinedu/ros2_study/src/my_first_package_msgs', 'symlink_install': False, 'test_result_base': None}
[0.168s] INFO:colcon.colcon_core.executor:Executing jobs using 'parallel' executor
[0.169s] DEBUG:colcon.colcon_parallel_executor.executor.parallel:run_until_complete
[0.169s] INFO:colcon.colcon_ros.task.ament_cmake.build:Building ROS package in '/home/addinedu/ros2_study/src/my_first_package_msgs' with build type 'ament_cmake'
[0.169s] INFO:colcon.colcon_cmake.task.cmake.build:Building CMake package in '/home/addinedu/ros2_study/src/my_first_package_msgs'
[0.171s] INFO:colcon.colcon_core.plugin_system:Skipping extension 'colcon_core.shell.bat': Not used on non-Windows systems
[0.171s] INFO:colcon.colcon_core.shell:Skip shell extension 'powershell' for command environment: Not usable outside of PowerShell
[0.171s] DEBUG:colcon.colcon_core.shell:Skip shell extension 'dsv' for command environment
[0.178s] DEBUG:colcon.colcon_core.event_handler.log_command:Invoking command in '/home/addinedu/ros2_study/src/my_first_package_msgs/build/my_first_package_msgs': CMAKE_PREFIX_PATH=${CMAKE_PREFIX_PATH}:/home/addinedu/ros2_study/install/my_first_package:/opt/ros/humble /usr/bin/cmake --build /home/addinedu/ros2_study/src/my_first_package_msgs/build/my_first_package_msgs -- -j12 -l12
[1.236s] DEBUG:colcon.colcon_core.event_handler.log_command:Invoked command in '/home/addinedu/ros2_study/src/my_first_package_msgs/build/my_first_package_msgs' returned '0': CMAKE_PREFIX_PATH=${CMAKE_PREFIX_PATH}:/home/addinedu/ros2_study/install/my_first_package:/opt/ros/humble /usr/bin/cmake --build /home/addinedu/ros2_study/src/my_first_package_msgs/build/my_first_package_msgs -- -j12 -l12
[1.289s] DEBUG:colcon.colcon_core.event_handler.log_command:Invoking command in '/home/addinedu/ros2_study/src/my_first_package_msgs/build/my_first_package_msgs': CMAKE_PREFIX_PATH=${CMAKE_PREFIX_PATH}:/home/addinedu/ros2_study/install/my_first_package:/opt/ros/humble /usr/bin/cmake --install /home/addinedu/ros2_study/src/my_first_package_msgs/build/my_first_package_msgs
[1.331s] Level 1:colcon.colcon_core.environment:create_environment_scripts_only(my_first_package_msgs)
[1.332s] DEBUG:colcon.colcon_core.event_handler.log_command:Invoked command in '/home/addinedu/ros2_study/src/my_first_package_msgs/build/my_first_package_msgs' returned '0': CMAKE_PREFIX_PATH=${CMAKE_PREFIX_PATH}:/home/addinedu/ros2_study/install/my_first_package:/opt/ros/humble /usr/bin/cmake --install /home/addinedu/ros2_study/src/my_first_package_msgs/build/my_first_package_msgs
[1.333s] Level 1:colcon.colcon_core.environment:checking '/home/addinedu/ros2_study/src/my_first_package_msgs/install/my_first_package_msgs' for CMake module files
[1.334s] Level 1:colcon.colcon_core.environment:checking '/home/addinedu/ros2_study/src/my_first_package_msgs/install/my_first_package_msgs' for CMake config files
[1.334s] Level 1:colcon.colcon_core.shell:create_environment_hook('my_first_package_msgs', 'cmake_prefix_path')
[1.334s] INFO:colcon.colcon_core.shell:Creating environment hook '/home/addinedu/ros2_study/src/my_first_package_msgs/install/my_first_package_msgs/share/my_first_package_msgs/hook/cmake_prefix_path.ps1'
[1.335s] INFO:colcon.colcon_core.shell:Creating environment descriptor '/home/addinedu/ros2_study/src/my_first_package_msgs/install/my_first_package_msgs/share/my_first_package_msgs/hook/cmake_prefix_path.dsv'
[1.335s] INFO:colcon.colcon_core.shell:Creating environment hook '/home/addinedu/ros2_study/src/my_first_package_msgs/install/my_first_package_msgs/share/my_first_package_msgs/hook/cmake_prefix_path.sh'
[1.336s] Level 1:colcon.colcon_core.environment:checking '/home/addinedu/ros2_study/src/my_first_package_msgs/install/my_first_package_msgs/lib'
[1.336s] Level 1:colcon.colcon_core.shell:create_environment_hook('my_first_package_msgs', 'ld_library_path_lib')
[1.336s] INFO:colcon.colcon_core.shell:Creating environment hook '/home/addinedu/ros2_study/src/my_first_package_msgs/install/my_first_package_msgs/share/my_first_package_msgs/hook/ld_library_path_lib.ps1'
[1.337s] INFO:colcon.colcon_core.shell:Creating environment descriptor '/home/addinedu/ros2_study/src/my_first_package_msgs/install/my_first_package_msgs/share/my_first_package_msgs/hook/ld_library_path_lib.dsv'
[1.337s] INFO:colcon.colcon_core.shell:Creating environment hook '/home/addinedu/ros2_study/src/my_first_package_msgs/install/my_first_package_msgs/share/my_first_package_msgs/hook/ld_library_path_lib.sh'
[1.337s] Level 1:colcon.colcon_core.environment:checking '/home/addinedu/ros2_study/src/my_first_package_msgs/install/my_first_package_msgs/bin'
[1.337s] Level 1:colcon.colcon_core.environment:checking '/home/addinedu/ros2_study/src/my_first_package_msgs/install/my_first_package_msgs/lib/pkgconfig/my_first_package_msgs.pc'
[1.337s] Level 1:colcon.colcon_core.environment:checking '/home/addinedu/ros2_study/src/my_first_package_msgs/install/my_first_package_msgs/lib/python3.10/site-packages'
[1.337s] Level 1:colcon.colcon_core.environment:checking '/home/addinedu/ros2_study/src/my_first_package_msgs/install/my_first_package_msgs/bin'
[1.338s] INFO:colcon.colcon_core.shell:Creating package script '/home/addinedu/ros2_study/src/my_first_package_msgs/install/my_first_package_msgs/share/my_first_package_msgs/package.ps1'
[1.338s] INFO:colcon.colcon_core.shell:Creating package descriptor '/home/addinedu/ros2_study/src/my_first_package_msgs/install/my_first_package_msgs/share/my_first_package_msgs/package.dsv'
[1.339s] INFO:colcon.colcon_core.shell:Creating package script '/home/addinedu/ros2_study/src/my_first_package_msgs/install/my_first_package_msgs/share/my_first_package_msgs/package.sh'
[1.339s] INFO:colcon.colcon_core.shell:Creating package script '/home/addinedu/ros2_study/src/my_first_package_msgs/install/my_first_package_msgs/share/my_first_package_msgs/package.bash'
[1.340s] INFO:colcon.colcon_core.shell:Creating package script '/home/addinedu/ros2_study/src/my_first_package_msgs/install/my_first_package_msgs/share/my_first_package_msgs/package.zsh'
[1.340s] Level 1:colcon.colcon_core.environment:create_file_with_runtime_dependencies(/home/addinedu/ros2_study/src/my_first_package_msgs/install/my_first_package_msgs/share/colcon-core/packages/my_first_package_msgs)
[1.387s] Level 1:colcon.colcon_core.environment:create_environment_scripts_only(my_first_package_msgs)
[1.387s] Level 1:colcon.colcon_core.environment:checking '/home/addinedu/ros2_study/src/my_first_package_msgs/install/my_first_package_msgs' for CMake module files
[1.388s] Level 1:colcon.colcon_core.environment:checking '/home/addinedu/ros2_study/src/my_first_package_msgs/install/my_first_package_msgs' for CMake config files
[1.389s] Level 1:colcon.colcon_core.shell:create_environment_hook('my_first_package_msgs', 'cmake_prefix_path')
[1.389s] INFO:colcon.colcon_core.shell:Creating environment hook '/home/addinedu/ros2_study/src/my_first_package_msgs/install/my_first_package_msgs/share/my_first_package_msgs/hook/cmake_prefix_path.ps1'
[1.389s] INFO:colcon.colcon_core.shell:Creating environment descriptor '/home/addinedu/ros2_study/src/my_first_package_msgs/install/my_first_package_msgs/share/my_first_package_msgs/hook/cmake_prefix_path.dsv'
[1.390s] INFO:colcon.colcon_core.shell:Creating environment hook '/home/addinedu/ros2_study/src/my_first_package_msgs/install/my_first_package_msgs/share/my_first_package_msgs/hook/cmake_prefix_path.sh'
[1.390s] Level 1:colcon.colcon_core.environment:checking '/home/addinedu/ros2_study/src/my_first_package_msgs/install/my_first_package_msgs/lib'
[1.390s] Level 1:colcon.colcon_core.shell:create_environment_hook('my_first_package_msgs', 'ld_library_path_lib')
[1.390s] INFO:colcon.colcon_core.shell:Creating environment hook '/home/addinedu/ros2_study/src/my_first_package_msgs/install/my_first_package_msgs/share/my_first_package_msgs/hook/ld_library_path_lib.ps1'
[1.391s] INFO:colcon.colcon_core.shell:Creating environment descriptor '/home/addinedu/ros2_study/src/my_first_package_msgs/install/my_first_package_msgs/share/my_first_package_msgs/hook/ld_library_path_lib.dsv'
[1.391s] INFO:colcon.colcon_core.shell:Creating environment hook '/home/addinedu/ros2_study/src/my_first_package_msgs/install/my_first_package_msgs/share/my_first_package_msgs/hook/ld_library_path_lib.sh'
[1.391s] Level 1:colcon.colcon_core.environment:checking '/home/addinedu/ros2_study/src/my_first_package_msgs/install/my_first_package_msgs/bin'
[1.391s] Level 1:colcon.colcon_core.environment:checking '/home/addinedu/ros2_study/src/my_first_package_msgs/install/my_first_package_msgs/lib/pkgconfig/my_first_package_msgs.pc'
[1.392s] Level 1:colcon.colcon_core.environment:checking '/home/addinedu/ros2_study/src/my_first_package_msgs/install/my_first_package_msgs/lib/python3.10/site-packages'
[1.392s] Level 1:colcon.colcon_core.environment:checking '/home/addinedu/ros2_study/src/my_first_package_msgs/install/my_first_package_msgs/bin'
[1.392s] INFO:colcon.colcon_core.shell:Creating package script '/home/addinedu/ros2_study/src/my_first_package_msgs/install/my_first_package_msgs/share/my_first_package_msgs/package.ps1'
[1.393s] INFO:colcon.colcon_core.shell:Creating package descriptor '/home/addinedu/ros2_study/src/my_first_package_msgs/install/my_first_package_msgs/share/my_first_package_msgs/package.dsv'
[1.393s] INFO:colcon.colcon_core.shell:Creating package script '/home/addinedu/ros2_study/src/my_first_package_msgs/install/my_first_package_msgs/share/my_first_package_msgs/package.sh'
[1.394s] INFO:colcon.colcon_core.shell:Creating package script '/home/addinedu/ros2_study/src/my_first_package_msgs/install/my_first_package_msgs/share/my_first_package_msgs/package.bash'
[1.394s] INFO:colcon.colcon_core.shell:Creating package script '/home/addinedu/ros2_study/src/my_first_package_msgs/install/my_first_package_msgs/share/my_first_package_msgs/package.zsh'
[1.395s] Level 1:colcon.colcon_core.environment:create_file_with_runtime_dependencies(/home/addinedu/ros2_study/src/my_first_package_msgs/install/my_first_package_msgs/share/colcon-core/packages/my_first_package_msgs)
[1.395s] DEBUG:colcon.colcon_parallel_executor.executor.parallel:closing loop
[1.395s] DEBUG:colcon.colcon_parallel_executor.executor.parallel:loop closed
[1.395s] DEBUG:colcon.colcon_parallel_executor.executor.parallel:run_until_complete finished with '0'
[1.395s] DEBUG:colcon.colcon_core.event_reactor:joining thread
[1.399s] INFO:colcon.colcon_core.plugin_system:Skipping extension 'colcon_notification.desktop_notification.terminal_notifier': Not used on non-Darwin systems
[1.400s] INFO:colcon.colcon_core.plugin_system:Skipping extension 'colcon_notification.desktop_notification.win32': Not used on non-Windows systems
[1.400s] INFO:colcon.colcon_notification.desktop_notification:Sending desktop notification using 'notify2'
[1.407s] DEBUG:colcon.colcon_core.event_reactor:joined thread
[1.408s] INFO:colcon.colcon_core.shell:Creating prefix script '/home/addinedu/ros2_study/src/my_first_package_msgs/install/local_setup.ps1'
[1.409s] INFO:colcon.colcon_core.shell:Creating prefix util module '/home/addinedu/ros2_study/src/my_first_package_msgs/install/_local_setup_util_ps1.py'
[1.410s] INFO:colcon.colcon_core.shell:Creating prefix chain script '/home/addinedu/ros2_study/src/my_first_package_msgs/install/setup.ps1'
[1.411s] INFO:colcon.colcon_core.shell:Creating prefix script '/home/addinedu/ros2_study/src/my_first_package_msgs/install/local_setup.sh'
[1.412s] INFO:colcon.colcon_core.shell:Creating prefix util module '/home/addinedu/ros2_study/src/my_first_package_msgs/install/_local_setup_util_sh.py'
[1.412s] INFO:colcon.colcon_core.shell:Creating prefix chain script '/home/addinedu/ros2_study/src/my_first_package_msgs/install/setup.sh'
[1.414s] INFO:colcon.colcon_core.shell:Creating prefix script '/home/addinedu/ros2_study/src/my_first_package_msgs/install/local_setup.bash'
[1.414s] INFO:colcon.colcon_core.shell:Creating prefix chain script '/home/addinedu/ros2_study/src/my_first_package_msgs/install/setup.bash'
[1.415s] INFO:colcon.colcon_core.shell:Creating prefix script '/home/addinedu/ros2_study/src/my_first_package_msgs/install/local_setup.zsh'
[1.416s] INFO:colcon.colcon_core.shell:Creating prefix chain script '/home/addinedu/ros2_study/src/my_first_package_msgs/install/setup.zsh'
